TpTrace Verbose: 0 : 5544, 1, 2025/01/09, 00:48:50.473, 1170011526564, vstest.console.dll, Version: 17.11.1-release-24455-02 Current process architecture: X64
TpTrace Verbose: 0 : 5544, 1, 2025/01/09, 00:48:50.475, 1170011551390, vstest.console.dll, Runtime location: C:\Program Files\dotnet\shared\Microsoft.NETCore.App\8.0.10
TpTrace Verbose: 0 : 5544, 1, 2025/01/09, 00:48:50.479, 1170011585430, vstest.console.dll, ArtifactProcessingPostProcessModeProcessorExecutor.Initialize: ArtifactProcessingMode.Collect
TpTrace Verbose: 0 : 5544, 1, 2025/01/09, 00:48:50.479, 1170011587070, vstest.console.dll, TestSessionCorrelationIdProcessorModeProcessorExecutor.Initialize: TestSessionCorrelationId '22892_7abcd5bd-6dcd-42f8-943e-bdf0d63873ae'
TpTrace Information: 0 : 5544, 1, 2025/01/09, 00:48:50.485, 1170011642420, vstest.console.dll, FilePatternParser: The given file C:\Users\fokso\source\repos\FunWithUnitTesting\UnitTestOne\bin\Debug\net8.0\fine-code-coverage\build-output\UnitTestOne.dll is a full path.
TpTrace Verbose: 0 : 5544, 1, 2025/01/09, 00:48:50.493, 1170011723789, vstest.console.dll, TestPluginCache.DiscoverTestExtensions: finding test extensions in assemblies ends with: RuntimeProvider.dll TPluginInfo: Microsoft.VisualStudio.TestPlatform.Common.ExtensionFramework.Utilities.TestRuntimePluginInformation TExtension: Microsoft.VisualStudio.TestPlatform.ObjectModel.Host.ITestRuntimeProvider
TpTrace Verbose: 0 : 5544, 1, 2025/01/09, 00:48:50.494, 1170011735076, vstest.console.dll, TestPluginCache.GetExtensionPaths: Filtered extension paths: 
TpTrace Verbose: 0 : 5544, 1, 2025/01/09, 00:48:50.494, 1170011736076, vstest.console.dll, TestPluginCache.GetExtensionPaths: Added default extension paths: C:\Program Files\dotnet\sdk\8.0.403\Extensions\Microsoft.Diagnostics.NETCore.Client.dll
C:\Program Files\dotnet\sdk\8.0.403\Extensions\Microsoft.TestPlatform.Extensions.BlameDataCollector.dll
C:\Program Files\dotnet\sdk\8.0.403\Extensions\Microsoft.TestPlatform.Extensions.EventLogCollector.dll
C:\Program Files\dotnet\sdk\8.0.403\Extensions\Microsoft.TestPlatform.TestHostRuntimeProvider.dll
C:\Program Files\dotnet\sdk\8.0.403\Extensions\Microsoft.VisualStudio.TestPlatform.Extensions.Html.TestLogger.dll
C:\Program Files\dotnet\sdk\8.0.403\Extensions\Microsoft.VisualStudio.TestPlatform.Extensions.Trx.TestLogger.dll
TpTrace Verbose: 0 : 5544, 1, 2025/01/09, 00:48:50.494, 1170011736277, vstest.console.dll, TestPluginCache.GetExtensionPaths: Added unfilterableExtensionPaths: 
TpTrace Information: 0 : 5544, 1, 2025/01/09, 00:48:50.495, 1170011741921, vstest.console.dll, AssemblyResolver.ctor: Creating AssemblyResolver with searchDirectories C:\Program Files\dotnet\sdk\8.0.403\Extensions,C:\Program Files\dotnet\sdk\8.0.403
TpTrace Verbose: 0 : 5544, 1, 2025/01/09, 00:48:50.495, 1170011748341, vstest.console.dll, TestPluginCache.DiscoverTestExtensions: Discovering the extensions using extension path.
TpTrace Verbose: 0 : 5544, 1, 2025/01/09, 00:48:50.495, 1170011749439, vstest.console.dll, TestPluginCache.GetExtensionPaths: Filtered extension paths: 
TpTrace Verbose: 0 : 5544, 1, 2025/01/09, 00:48:50.495, 1170011749673, vstest.console.dll, TestPluginCache.GetExtensionPaths: Added default extension paths: C:\Program Files\dotnet\sdk\8.0.403\Extensions\Microsoft.Diagnostics.NETCore.Client.dll
C:\Program Files\dotnet\sdk\8.0.403\Extensions\Microsoft.TestPlatform.Extensions.BlameDataCollector.dll
C:\Program Files\dotnet\sdk\8.0.403\Extensions\Microsoft.TestPlatform.Extensions.EventLogCollector.dll
C:\Program Files\dotnet\sdk\8.0.403\Extensions\Microsoft.TestPlatform.TestHostRuntimeProvider.dll
C:\Program Files\dotnet\sdk\8.0.403\Extensions\Microsoft.VisualStudio.TestPlatform.Extensions.Html.TestLogger.dll
C:\Program Files\dotnet\sdk\8.0.403\Extensions\Microsoft.VisualStudio.TestPlatform.Extensions.Trx.TestLogger.dll
TpTrace Verbose: 0 : 5544, 1, 2025/01/09, 00:48:50.495, 1170011749812, vstest.console.dll, TestPluginCache.GetExtensionPaths: Added unfilterableExtensionPaths: 
TpTrace Verbose: 0 : 5544, 1, 2025/01/09, 00:48:50.495, 1170011750189, vstest.console.dll, TestPluginCache.DiscoverTestExtensions: Discovering the extensions using allExtensionPaths: C:\Program Files\dotnet\sdk\8.0.403\Extensions\Microsoft.Diagnostics.NETCore.Client.dll
C:\Program Files\dotnet\sdk\8.0.403\Extensions\Microsoft.TestPlatform.Extensions.BlameDataCollector.dll
C:\Program Files\dotnet\sdk\8.0.403\Extensions\Microsoft.TestPlatform.Extensions.EventLogCollector.dll
C:\Program Files\dotnet\sdk\8.0.403\Extensions\Microsoft.TestPlatform.TestHostRuntimeProvider.dll
C:\Program Files\dotnet\sdk\8.0.403\Extensions\Microsoft.VisualStudio.TestPlatform.Extensions.Html.TestLogger.dll
C:\Program Files\dotnet\sdk\8.0.403\Extensions\Microsoft.VisualStudio.TestPlatform.Extensions.Trx.TestLogger.dll
TpTrace Information: 0 : 5544, 1, 2025/01/09, 00:48:50.495, 1170011751262, vstest.console.dll, AssemblyResolver.AddSearchDirectories: Adding more searchDirectories C:\Program Files\dotnet\sdk\8.0.403\Extensions,C:\Program Files\dotnet\sdk\8.0.403
TpTrace Information: 0 : 5544, 1, 2025/01/09, 00:48:50.495, 1170011751655, vstest.console.dll, AssemblyResolver.AddSearchDirectories: Adding more searchDirectories C:\Program Files\dotnet\sdk\8.0.403\Extensions,C:\Program Files\dotnet\sdk\8.0.403
TpTrace Information: 0 : 5544, 1, 2025/01/09, 00:48:50.495, 1170011751796, vstest.console.dll, AssemblyResolver.AddSearchDirectories: Adding more searchDirectories C:\Program Files\dotnet\sdk\8.0.403\Extensions,C:\Program Files\dotnet\sdk\8.0.403
TpTrace Information: 0 : 5544, 1, 2025/01/09, 00:48:50.496, 1170011751916, vstest.console.dll, AssemblyResolver.AddSearchDirectories: Adding more searchDirectories C:\Program Files\dotnet\sdk\8.0.403\Extensions,C:\Program Files\dotnet\sdk\8.0.403
TpTrace Information: 0 : 5544, 1, 2025/01/09, 00:48:50.496, 1170011752093, vstest.console.dll, AssemblyResolver.AddSearchDirectories: Adding more searchDirectories C:\Program Files\dotnet\sdk\8.0.403\Extensions,C:\Program Files\dotnet\sdk\8.0.403
TpTrace Information: 0 : 5544, 1, 2025/01/09, 00:48:50.496, 1170011752211, vstest.console.dll, AssemblyResolver.AddSearchDirectories: Adding more searchDirectories C:\Program Files\dotnet\sdk\8.0.403\Extensions,C:\Program Files\dotnet\sdk\8.0.403
TpTrace Information: 0 : 5544, 1, 2025/01/09, 00:48:50.496, 1170011754730, vstest.console.dll, AssemblyResolver.OnResolve: Microsoft.Diagnostics.NETCore.Client: Resolving assembly.
TpTrace Information: 0 : 5544, 1, 2025/01/09, 00:48:50.496, 1170011755339, vstest.console.dll, AssemblyResolver.OnResolve: Microsoft.Diagnostics.NETCore.Client: Searching in: 'C:\Program Files\dotnet\sdk\8.0.403\Extensions'.
TpTrace Information: 0 : 5544, 1, 2025/01/09, 00:48:50.502, 1170011812516, vstest.console.dll, AssemblyResolver.OnResolve: Microsoft.Diagnostics.NETCore.Client: Loading assembly 'C:\Program Files\dotnet\sdk\8.0.403\Extensions\Microsoft.Diagnostics.NETCore.Client.dll'.
TpTrace Information: 0 : 5544, 1, 2025/01/09, 00:48:50.503, 1170011826089, vstest.console.dll, AssemblyResolver.OnResolve: Resolved assembly: Microsoft.Diagnostics.NETCore.Client, from path: C:\Program Files\dotnet\sdk\8.0.403\Extensions\Microsoft.Diagnostics.NETCore.Client.dll
TpTrace Verbose: 0 : 5544, 1, 2025/01/09, 00:48:50.507, 1170011863053, vstest.console.dll, MetadataReaderExtensionsHelper: Discovering extensions inside assembly 'Microsoft.Diagnostics.NETCore.Client, Version=0.2.10.30701, Culture=neutral, PublicKeyToken=31bf3856ad364e35' file path 'C:\Program Files\dotnet\sdk\8.0.403\Extensions\Microsoft.Diagnostics.NETCore.Client.dll'
TpTrace Information: 0 : 5544, 1, 2025/01/09, 00:48:50.509, 1170011891451, vstest.console.dll, AssemblyResolver.OnResolve: Microsoft.Bcl.AsyncInterfaces: Resolving assembly.
TpTrace Information: 0 : 5544, 1, 2025/01/09, 00:48:50.510, 1170011892236, vstest.console.dll, AssemblyResolver.OnResolve: Microsoft.Bcl.AsyncInterfaces: Searching in: 'C:\Program Files\dotnet\sdk\8.0.403\Extensions'.
TpTrace Information: 0 : 5544, 1, 2025/01/09, 00:48:50.510, 1170011892713, vstest.console.dll, AssemblyResolver.OnResolve: Microsoft.Bcl.AsyncInterfaces: Assembly path does not exist: 'C:\Program Files\dotnet\sdk\8.0.403\Extensions\Microsoft.Bcl.AsyncInterfaces.dll', returning.
TpTrace Information: 0 : 5544, 1, 2025/01/09, 00:48:50.510, 1170011893315, vstest.console.dll, AssemblyResolver.OnResolve: Microsoft.Bcl.AsyncInterfaces: Assembly path does not exist: 'C:\Program Files\dotnet\sdk\8.0.403\Extensions\Microsoft.Bcl.AsyncInterfaces.exe', returning.
TpTrace Information: 0 : 5544, 1, 2025/01/09, 00:48:50.510, 1170011893456, vstest.console.dll, AssemblyResolver.OnResolve: Microsoft.Bcl.AsyncInterfaces: Searching in: 'C:\Program Files\dotnet\sdk\8.0.403'.
TpTrace Information: 0 : 5544, 1, 2025/01/09, 00:48:50.510, 1170011893710, vstest.console.dll, AssemblyResolver.OnResolve: Microsoft.Bcl.AsyncInterfaces: Assembly path does not exist: 'C:\Program Files\dotnet\sdk\8.0.403\Microsoft.Bcl.AsyncInterfaces.dll', returning.
TpTrace Information: 0 : 5544, 1, 2025/01/09, 00:48:50.510, 1170011893897, vstest.console.dll, AssemblyResolver.OnResolve: Microsoft.Bcl.AsyncInterfaces: Assembly path does not exist: 'C:\Program Files\dotnet\sdk\8.0.403\Microsoft.Bcl.AsyncInterfaces.exe', returning.
TpTrace Information: 0 : 5544, 1, 2025/01/09, 00:48:50.510, 1170011894040, vstest.console.dll, AssemblyResolver.OnResolve: Microsoft.Bcl.AsyncInterfaces: Failed to load assembly.
TpTrace Verbose: 0 : 5544, 1, 2025/01/09, 00:48:50.510, 1170011894199, vstest.console.dll, CurrentDomainAssemblyResolve: Resolving assembly 'Microsoft.Bcl.AsyncInterfaces'.
TpTrace Information: 0 : 5544, 1, 2025/01/09, 00:48:50.510, 1170011894514, vstest.console.dll, AssemblyResolver.OnResolve: Microsoft.Bcl.AsyncInterfaces: Resolving assembly.
TpTrace Information: 0 : 5544, 1, 2025/01/09, 00:48:50.510, 1170011894684, vstest.console.dll, AssemblyResolver.OnResolve: Microsoft.Bcl.AsyncInterfaces: Resolved from cache.
TpTrace Verbose: 0 : 5544, 1, 2025/01/09, 00:48:50.510, 1170011894791, vstest.console.dll, CurrentDomainAssemblyResolve: Resolving assembly 'Microsoft.Bcl.AsyncInterfaces'.
TpTrace Verbose: 0 : 5544, 1, 2025/01/09, 00:48:50.510, 1170011894961, vstest.console.dll, CurrentDomainAssemblyResolve: Failed to resolve assembly 'Microsoft.Bcl.AsyncInterfaces'.
TpTrace Verbose: 0 : 5544, 1, 2025/01/09, 00:48:50.514, 1170011938354, vstest.console.dll, CurrentDomainAssemblyResolve: Failed to resolve assembly 'Microsoft.Bcl.AsyncInterfaces'.
TpTrace Warning: 0 : 5544, 1, 2025/01/09, 00:48:50.528, 1170012080503, vstest.console.dll, TestPluginDiscoverer: Failed to get types from assembly 'Microsoft.Diagnostics.NETCore.Client, Version=0.2.10.30701, Culture=neutral, PublicKeyToken=31bf3856ad364e35'. Error: System.Reflection.ReflectionTypeLoadException: Unable to load one or more of the requested types.
Could not load file or assembly 'Microsoft.Bcl.AsyncInterfaces, Version=6.0.0.0, Culture=neutral, PublicKeyToken=cc7b13ffcd2ddd51'. Не удается найти указанный файл.
   at System.Reflection.RuntimeModule.GetTypes(RuntimeModule module)
   at System.Reflection.RuntimeModule.GetTypes()
   at Microsoft.VisualStudio.TestPlatform.Common.ExtensionFramework.TestPluginDiscoverer.GetTestExtensionsFromAssembly[TPluginInfo,TExtension](Assembly assembly, Dictionary`2 pluginInfos, String filePath) in /_/src/Microsoft.TestPlatform.Common/ExtensionFramework/TestPluginDiscoverer.cs:line 158
System.IO.FileNotFoundException: Could not load file or assembly 'Microsoft.Bcl.AsyncInterfaces, Version=6.0.0.0, Culture=neutral, PublicKeyToken=cc7b13ffcd2ddd51'. Не удается найти указанный файл.
File name: 'Microsoft.Bcl.AsyncInterfaces, Version=6.0.0.0, Culture=neutral, PublicKeyToken=cc7b13ffcd2ddd51'
 ---> System.IO.FileNotFoundException: Could not load file or assembly 'Microsoft.Bcl.AsyncInterfaces, Culture=neutral, PublicKeyToken=null'. Не удается найти указанный файл.
File name: 'Microsoft.Bcl.AsyncInterfaces, Culture=neutral, PublicKeyToken=null'
   at System.Reflection.RuntimeAssembly.InternalLoad(AssemblyName assemblyName, StackCrawlMark& stackMark, AssemblyLoadContext assemblyLoadContext, RuntimeAssembly requestingAssembly, Boolean throwOnFileNotFound)
   at System.Reflection.Assembly.Load(AssemblyName assemblyRef)
   at Microsoft.VisualStudio.TestPlatform.Common.ExtensionFramework.TestPluginCache.CurrentDomainAssemblyResolve(Object sender, AssemblyResolveEventArgs args) in /_/src/Microsoft.TestPlatform.Common/ExtensionFramework/TestPluginCache.cs:line 513
   at System.Runtime.Loader.AssemblyLoadContext.GetFirstResolvedAssemblyFromResolvingEvent(AssemblyName assemblyName)
   at System.Runtime.Loader.AssemblyLoadContext.ResolveUsingEvent(AssemblyName assemblyName)
   at System.Runtime.Loader.AssemblyLoadContext.ResolveUsingResolvingEvent(IntPtr gchManagedAssemblyLoadContext, AssemblyName assemblyName)
TpTrace Warning: 0 : 5544, 1, 2025/01/09, 00:48:50.529, 1170012083475, vstest.console.dll, LoaderExceptions: System.IO.FileNotFoundException: Could not load file or assembly 'Microsoft.Bcl.AsyncInterfaces, Version=6.0.0.0, Culture=neutral, PublicKeyToken=cc7b13ffcd2ddd51'. Не удается найти указанный файл.
File name: 'Microsoft.Bcl.AsyncInterfaces, Version=6.0.0.0, Culture=neutral, PublicKeyToken=cc7b13ffcd2ddd51'
 ---> System.IO.FileNotFoundException: Could not load file or assembly 'Microsoft.Bcl.AsyncInterfaces, Culture=neutral, PublicKeyToken=null'. Не удается найти указанный файл.
File name: 'Microsoft.Bcl.AsyncInterfaces, Culture=neutral, PublicKeyToken=null'
   at System.Reflection.RuntimeAssembly.InternalLoad(AssemblyName assemblyName, StackCrawlMark& stackMark, AssemblyLoadContext assemblyLoadContext, RuntimeAssembly requestingAssembly, Boolean throwOnFileNotFound)
   at System.Reflection.Assembly.Load(AssemblyName assemblyRef)
   at Microsoft.VisualStudio.TestPlatform.Common.ExtensionFramework.TestPluginCache.CurrentDomainAssemblyResolve(Object sender, AssemblyResolveEventArgs args) in /_/src/Microsoft.TestPlatform.Common/ExtensionFramework/TestPluginCache.cs:line 513
   at System.Runtime.Loader.AssemblyLoadContext.GetFirstResolvedAssemblyFromResolvingEvent(AssemblyName assemblyName)
   at System.Runtime.Loader.AssemblyLoadContext.ResolveUsingEvent(AssemblyName assemblyName)
   at System.Runtime.Loader.AssemblyLoadContext.ResolveUsingResolvingEvent(IntPtr gchManagedAssemblyLoadContext, AssemblyName assemblyName)
TpTrace Information: 0 : 5544, 1, 2025/01/09, 00:48:50.529, 1170012084834, vstest.console.dll, AssemblyResolver.OnResolve: Microsoft.TestPlatform.Extensions.BlameDataCollector: Resolving assembly.
TpTrace Information: 0 : 5544, 1, 2025/01/09, 00:48:50.529, 1170012085230, vstest.console.dll, AssemblyResolver.OnResolve: Microsoft.TestPlatform.Extensions.BlameDataCollector: Searching in: 'C:\Program Files\dotnet\sdk\8.0.403\Extensions'.
TpTrace Information: 0 : 5544, 1, 2025/01/09, 00:48:50.530, 1170012097862, vstest.console.dll, AssemblyResolver.OnResolve: Microsoft.TestPlatform.Extensions.BlameDataCollector: Loading assembly 'C:\Program Files\dotnet\sdk\8.0.403\Extensions\Microsoft.TestPlatform.Extensions.BlameDataCollector.dll'.
TpTrace Information: 0 : 5544, 1, 2025/01/09, 00:48:50.531, 1170012109197, vstest.console.dll, AssemblyResolver.OnResolve: Resolved assembly: Microsoft.TestPlatform.Extensions.BlameDataCollector, from path: C:\Program Files\dotnet\sdk\8.0.403\Extensions\Microsoft.TestPlatform.Extensions.BlameDataCollector.dll
TpTrace Verbose: 0 : 5544, 1, 2025/01/09, 00:48:50.531, 1170012110041, vstest.console.dll, MetadataReaderExtensionsHelper: Discovering extensions inside assembly 'Microsoft.TestPlatform.Extensions.BlameDataCollector, Version=15.0.0.0, Culture=neutral, PublicKeyToken=b03f5f7f11d50a3a' file path 'C:\Program Files\dotnet\sdk\8.0.403\Extensions\Microsoft.TestPlatform.Extensions.BlameDataCollector.dll'
TpTrace Information: 0 : 5544, 1, 2025/01/09, 00:48:50.533, 1170012126245, vstest.console.dll, AssemblyResolver.OnResolve: Microsoft.TestPlatform.Extensions.EventLogCollector: Resolving assembly.
TpTrace Information: 0 : 5544, 1, 2025/01/09, 00:48:50.533, 1170012126732, vstest.console.dll, AssemblyResolver.OnResolve: Microsoft.TestPlatform.Extensions.EventLogCollector: Searching in: 'C:\Program Files\dotnet\sdk\8.0.403\Extensions'.
TpTrace Information: 0 : 5544, 1, 2025/01/09, 00:48:50.534, 1170012132619, vstest.console.dll, AssemblyResolver.OnResolve: Microsoft.TestPlatform.Extensions.EventLogCollector: Loading assembly 'C:\Program Files\dotnet\sdk\8.0.403\Extensions\Microsoft.TestPlatform.Extensions.EventLogCollector.dll'.
TpTrace Information: 0 : 5544, 1, 2025/01/09, 00:48:50.534, 1170012138205, vstest.console.dll, AssemblyResolver.OnResolve: Resolved assembly: Microsoft.TestPlatform.Extensions.EventLogCollector, from path: C:\Program Files\dotnet\sdk\8.0.403\Extensions\Microsoft.TestPlatform.Extensions.EventLogCollector.dll
TpTrace Verbose: 0 : 5544, 1, 2025/01/09, 00:48:50.534, 1170012138899, vstest.console.dll, MetadataReaderExtensionsHelper: Discovering extensions inside assembly 'Microsoft.TestPlatform.Extensions.EventLogCollector, Version=15.0.0.0, Culture=neutral, PublicKeyToken=b03f5f7f11d50a3a' file path 'C:\Program Files\dotnet\sdk\8.0.403\Extensions\Microsoft.TestPlatform.Extensions.EventLogCollector.dll'
TpTrace Information: 0 : 5544, 1, 2025/01/09, 00:48:50.536, 1170012157029, vstest.console.dll, AssemblyResolver.OnResolve: Microsoft.TestPlatform.TestHostRuntimeProvider: Resolving assembly.
TpTrace Information: 0 : 5544, 1, 2025/01/09, 00:48:50.536, 1170012157702, vstest.console.dll, AssemblyResolver.OnResolve: Microsoft.TestPlatform.TestHostRuntimeProvider: Searching in: 'C:\Program Files\dotnet\sdk\8.0.403\Extensions'.
TpTrace Information: 0 : 5544, 1, 2025/01/09, 00:48:50.537, 1170012164776, vstest.console.dll, AssemblyResolver.OnResolve: Microsoft.TestPlatform.TestHostRuntimeProvider: Loading assembly 'C:\Program Files\dotnet\sdk\8.0.403\Extensions\Microsoft.TestPlatform.TestHostRuntimeProvider.dll'.
TpTrace Information: 0 : 5544, 1, 2025/01/09, 00:48:50.537, 1170012171530, vstest.console.dll, AssemblyResolver.OnResolve: Resolved assembly: Microsoft.TestPlatform.TestHostRuntimeProvider, from path: C:\Program Files\dotnet\sdk\8.0.403\Extensions\Microsoft.TestPlatform.TestHostRuntimeProvider.dll
TpTrace Verbose: 0 : 5544, 1, 2025/01/09, 00:48:50.538, 1170012172014, vstest.console.dll, MetadataReaderExtensionsHelper: Discovering extensions inside assembly 'Microsoft.TestPlatform.TestHostRuntimeProvider, Version=15.0.0.0, Culture=neutral, PublicKeyToken=b03f5f7f11d50a3a' file path 'C:\Program Files\dotnet\sdk\8.0.403\Extensions\Microsoft.TestPlatform.TestHostRuntimeProvider.dll'
TpTrace Information: 0 : 5544, 1, 2025/01/09, 00:48:50.539, 1170012184005, vstest.console.dll, GetTestExtensionFromType: Register extension with identifier data 'HostProvider://DefaultTestHost' and type 'Microsoft.VisualStudio.TestPlatform.CrossPlatEngine.Hosting.DefaultTestHostManager, Microsoft.TestPlatform.TestHostRuntimeProvider, Version=15.0.0.0, Culture=neutral, PublicKeyToken=b03f5f7f11d50a3a' inside file 'C:\Program Files\dotnet\sdk\8.0.403\Extensions\Microsoft.TestPlatform.TestHostRuntimeProvider.dll'
TpTrace Information: 0 : 5544, 1, 2025/01/09, 00:48:50.539, 1170012185702, vstest.console.dll, GetTestExtensionFromType: Register extension with identifier data 'HostProvider://DotnetTestHost' and type 'Microsoft.VisualStudio.TestPlatform.CrossPlatEngine.Hosting.DotnetTestHostManager, Microsoft.TestPlatform.TestHostRuntimeProvider, Version=15.0.0.0, Culture=neutral, PublicKeyToken=b03f5f7f11d50a3a' inside file 'C:\Program Files\dotnet\sdk\8.0.403\Extensions\Microsoft.TestPlatform.TestHostRuntimeProvider.dll'
TpTrace Information: 0 : 5544, 1, 2025/01/09, 00:48:50.539, 1170012186204, vstest.console.dll, AssemblyResolver.OnResolve: Microsoft.VisualStudio.TestPlatform.Extensions.Html.TestLogger: Resolving assembly.
TpTrace Information: 0 : 5544, 1, 2025/01/09, 00:48:50.539, 1170012186441, vstest.console.dll, AssemblyResolver.OnResolve: Microsoft.VisualStudio.TestPlatform.Extensions.Html.TestLogger: Searching in: 'C:\Program Files\dotnet\sdk\8.0.403\Extensions'.
TpTrace Information: 0 : 5544, 1, 2025/01/09, 00:48:50.540, 1170012192613, vstest.console.dll, AssemblyResolver.OnResolve: Microsoft.VisualStudio.TestPlatform.Extensions.Html.TestLogger: Loading assembly 'C:\Program Files\dotnet\sdk\8.0.403\Extensions\Microsoft.VisualStudio.TestPlatform.Extensions.Html.TestLogger.dll'.
TpTrace Information: 0 : 5544, 1, 2025/01/09, 00:48:50.540, 1170012197245, vstest.console.dll, AssemblyResolver.OnResolve: Resolved assembly: Microsoft.VisualStudio.TestPlatform.Extensions.Html.TestLogger, from path: C:\Program Files\dotnet\sdk\8.0.403\Extensions\Microsoft.VisualStudio.TestPlatform.Extensions.Html.TestLogger.dll
TpTrace Verbose: 0 : 5544, 1, 2025/01/09, 00:48:50.540, 1170012197749, vstest.console.dll, MetadataReaderExtensionsHelper: Discovering extensions inside assembly 'Microsoft.VisualStudio.TestPlatform.Extensions.Html.TestLogger, Version=15.0.0.0, Culture=neutral, PublicKeyToken=b03f5f7f11d50a3a' file path 'C:\Program Files\dotnet\sdk\8.0.403\Extensions\Microsoft.VisualStudio.TestPlatform.Extensions.Html.TestLogger.dll'
TpTrace Information: 0 : 5544, 1, 2025/01/09, 00:48:50.541, 1170012204695, vstest.console.dll, AssemblyResolver.OnResolve: Microsoft.VisualStudio.TestPlatform.Extensions.Trx.TestLogger: Resolving assembly.
TpTrace Information: 0 : 5544, 1, 2025/01/09, 00:48:50.541, 1170012205164, vstest.console.dll, AssemblyResolver.OnResolve: Microsoft.VisualStudio.TestPlatform.Extensions.Trx.TestLogger: Searching in: 'C:\Program Files\dotnet\sdk\8.0.403\Extensions'.
TpTrace Information: 0 : 5544, 1, 2025/01/09, 00:48:50.542, 1170012215233, vstest.console.dll, AssemblyResolver.OnResolve: Microsoft.VisualStudio.TestPlatform.Extensions.Trx.TestLogger: Loading assembly 'C:\Program Files\dotnet\sdk\8.0.403\Extensions\Microsoft.VisualStudio.TestPlatform.Extensions.Trx.TestLogger.dll'.
TpTrace Information: 0 : 5544, 1, 2025/01/09, 00:48:50.543, 1170012224453, vstest.console.dll, AssemblyResolver.OnResolve: Resolved assembly: Microsoft.VisualStudio.TestPlatform.Extensions.Trx.TestLogger, from path: C:\Program Files\dotnet\sdk\8.0.403\Extensions\Microsoft.VisualStudio.TestPlatform.Extensions.Trx.TestLogger.dll
TpTrace Verbose: 0 : 5544, 1, 2025/01/09, 00:48:50.543, 1170012224958, vstest.console.dll, MetadataReaderExtensionsHelper: Discovering extensions inside assembly 'Microsoft.VisualStudio.TestPlatform.Extensions.Trx.TestLogger, Version=15.0.0.0, Culture=neutral, PublicKeyToken=b03f5f7f11d50a3a' file path 'C:\Program Files\dotnet\sdk\8.0.403\Extensions\Microsoft.VisualStudio.TestPlatform.Extensions.Trx.TestLogger.dll'
TpTrace Verbose: 0 : 5544, 1, 2025/01/09, 00:48:50.544, 1170012233132, vstest.console.dll, TestPluginCache: Discovered the extensions using extension path ''.
TpTrace Verbose: 0 : 5544, 1, 2025/01/09, 00:48:50.544, 1170012233625, vstest.console.dll, TestPluginCache: Discoverers are ''.
TpTrace Verbose: 0 : 5544, 1, 2025/01/09, 00:48:50.544, 1170012233806, vstest.console.dll, TestPluginCache: Executors are ''.
TpTrace Verbose: 0 : 5544, 1, 2025/01/09, 00:48:50.544, 1170012233948, vstest.console.dll, TestPluginCache: Executors2 are ''.
TpTrace Verbose: 0 : 5544, 1, 2025/01/09, 00:48:50.544, 1170012234085, vstest.console.dll, TestPluginCache: Setting providers are ''.
TpTrace Verbose: 0 : 5544, 1, 2025/01/09, 00:48:50.544, 1170012234216, vstest.console.dll, TestPluginCache: Loggers are ''.
TpTrace Verbose: 0 : 5544, 1, 2025/01/09, 00:48:50.544, 1170012235582, vstest.console.dll, TestPluginCache: TestHosts are 'HostProvider://DefaultTestHost,HostProvider://DotnetTestHost'.
TpTrace Verbose: 0 : 5544, 1, 2025/01/09, 00:48:50.544, 1170012235914, vstest.console.dll, TestPluginCache: DataCollectors are ''.
TpTrace Information: 0 : 5544, 1, 2025/01/09, 00:48:50.562, 1170012421643, vstest.console.dll, RunTestsArgumentProcessor:Execute: Test run is starting.
TpTrace Verbose: 0 : 5544, 1, 2025/01/09, 00:48:50.563, 1170012422450, vstest.console.dll, RunTestsArgumentProcessor:Execute: Queuing Test run.
TpTrace Information: 0 : 5544, 1, 2025/01/09, 00:48:50.563, 1170012424105, vstest.console.dll, TestRequestManager.RunTests: run tests started.
TpTrace Information: 0 : 5544, 1, 2025/01/09, 00:48:50.564, 1170012432912, vstest.console.dll, AssemblyMetadataProvider.GetFrameworkName: Determined framework:'.NETCoreApp,Version=v8.0' for source: 'C:\Users\fokso\source\repos\FunWithUnitTesting\UnitTestOne\bin\Debug\net8.0\fine-code-coverage\build-output\UnitTestOne.dll'
TpTrace Information: 0 : 5544, 1, 2025/01/09, 00:48:50.564, 1170012433994, vstest.console.dll, Determined framework for all sources: .NETCoreApp,Version=v8.0
TpTrace Verbose: 0 : 5544, 1, 2025/01/09, 00:48:50.564, 1170012436470, vstest.console.dll, TestRequestManager.UpdateRunSettingsIfRequired: Default architecture: X64 IsDefaultTargetArchitecture: True, Current process architecture: X64 OperatingSystem: Windows.
TpTrace Information: 0 : 5544, 1, 2025/01/09, 00:48:50.565, 1170012446398, vstest.console.dll, AssemblyMetadataProvider.GetArchitecture: Determined architecture:AnyCPU info for assembly: C:\Users\fokso\source\repos\FunWithUnitTesting\UnitTestOne\bin\Debug\net8.0\fine-code-coverage\build-output\UnitTestOne.dll
TpTrace Information: 0 : 5544, 1, 2025/01/09, 00:48:50.565, 1170012446787, vstest.console.dll, Determined platform for source 'C:\Users\fokso\source\repos\FunWithUnitTesting\UnitTestOne\bin\Debug\net8.0\fine-code-coverage\build-output\UnitTestOne.dll' was AnyCPU and it will use the default plaform X64.
TpTrace Information: 0 : 5544, 1, 2025/01/09, 00:48:50.565, 1170012446911, vstest.console.dll, None of the sources provided any runnable platform, using the default platform: X64
TpTrace Information: 0 : 5544, 1, 2025/01/09, 00:48:50.565, 1170012447521, vstest.console.dll, Platform was updated to 'X64'.
TpTrace Information: 0 : 5544, 1, 2025/01/09, 00:48:50.570, 1170012495927, vstest.console.dll, InferRunSettingsHelper.IsTestSettingsEnabled: Unable to navigate to RunSettings/MSTest. Current node: RunSettings
TpTrace Information: 0 : 5544, 1, 2025/01/09, 00:48:50.571, 1170012504271, vstest.console.dll, AssemblyResolver.OnResolve: Microsoft.VisualStudio.TestPlatform.Fakes: Resolving assembly.
TpTrace Information: 0 : 5544, 1, 2025/01/09, 00:48:50.571, 1170012504895, vstest.console.dll, AssemblyResolver.OnResolve: Microsoft.VisualStudio.TestPlatform.Fakes: Searching in: 'C:\Program Files\dotnet\sdk\8.0.403\Extensions'.
TpTrace Information: 0 : 5544, 1, 2025/01/09, 00:48:50.571, 1170012505514, vstest.console.dll, AssemblyResolver.OnResolve: Microsoft.VisualStudio.TestPlatform.Fakes: Assembly path does not exist: 'C:\Program Files\dotnet\sdk\8.0.403\Extensions\Microsoft.VisualStudio.TestPlatform.Fakes.dll', returning.
TpTrace Information: 0 : 5544, 1, 2025/01/09, 00:48:50.571, 1170012505789, vstest.console.dll, AssemblyResolver.OnResolve: Microsoft.VisualStudio.TestPlatform.Fakes: Assembly path does not exist: 'C:\Program Files\dotnet\sdk\8.0.403\Extensions\Microsoft.VisualStudio.TestPlatform.Fakes.exe', returning.
TpTrace Information: 0 : 5544, 1, 2025/01/09, 00:48:50.571, 1170012505947, vstest.console.dll, AssemblyResolver.OnResolve: Microsoft.VisualStudio.TestPlatform.Fakes: Searching in: 'C:\Program Files\dotnet\sdk\8.0.403'.
TpTrace Information: 0 : 5544, 1, 2025/01/09, 00:48:50.571, 1170012506371, vstest.console.dll, AssemblyResolver.OnResolve: Microsoft.VisualStudio.TestPlatform.Fakes: Assembly path does not exist: 'C:\Program Files\dotnet\sdk\8.0.403\Microsoft.VisualStudio.TestPlatform.Fakes.dll', returning.
TpTrace Information: 0 : 5544, 1, 2025/01/09, 00:48:50.571, 1170012506586, vstest.console.dll, AssemblyResolver.OnResolve: Microsoft.VisualStudio.TestPlatform.Fakes: Assembly path does not exist: 'C:\Program Files\dotnet\sdk\8.0.403\Microsoft.VisualStudio.TestPlatform.Fakes.exe', returning.
TpTrace Information: 0 : 5544, 1, 2025/01/09, 00:48:50.571, 1170012506697, vstest.console.dll, AssemblyResolver.OnResolve: Microsoft.VisualStudio.TestPlatform.Fakes: Failed to load assembly.
TpTrace Information: 0 : 5544, 1, 2025/01/09, 00:48:50.571, 1170012510397, vstest.console.dll, Failed to load assembly Microsoft.VisualStudio.TestPlatform.Fakes, Version=17.0.0.0, Culture=neutral. Reason:System.IO.FileNotFoundException: Could not load file or assembly 'Microsoft.VisualStudio.TestPlatform.Fakes, Version=17.0.0.0, Culture=neutral, PublicKeyToken=null'. Не удается найти указанный файл.
File name: 'Microsoft.VisualStudio.TestPlatform.Fakes, Version=17.0.0.0, Culture=neutral, PublicKeyToken=null'
   at System.Reflection.RuntimeAssembly.InternalLoad(AssemblyName assemblyName, StackCrawlMark& stackMark, AssemblyLoadContext assemblyLoadContext, RuntimeAssembly requestingAssembly, Boolean throwOnFileNotFound)
   at System.Reflection.Assembly.Load(AssemblyName assemblyRef)
   at Microsoft.VisualStudio.TestPlatform.Common.Utilities.FakesUtilities.LoadTestPlatformAssembly() in /_/src/Microsoft.TestPlatform.Common/Utilities/FakesUtilities.cs:line 272
TpTrace Verbose: 0 : 5544, 1, 2025/01/09, 00:48:50.574, 1170012538755, vstest.console.dll, TestPluginCache.DiscoverTestExtensions: finding test extensions in assemblies ends with: TestLogger.dll TPluginInfo: Microsoft.VisualStudio.TestPlatform.Common.ExtensionFramework.Utilities.TestLoggerPluginInformation TExtension: Microsoft.VisualStudio.TestPlatform.ObjectModel.Client.ITestLogger
TpTrace Verbose: 0 : 5544, 1, 2025/01/09, 00:48:50.574, 1170012539489, vstest.console.dll, TestPluginCache.GetExtensionPaths: Filtered extension paths: 
TpTrace Verbose: 0 : 5544, 1, 2025/01/09, 00:48:50.574, 1170012539682, vstest.console.dll, TestPluginCache.GetExtensionPaths: Added default extension paths: C:\Program Files\dotnet\sdk\8.0.403\Extensions\Microsoft.Diagnostics.NETCore.Client.dll
C:\Program Files\dotnet\sdk\8.0.403\Extensions\Microsoft.TestPlatform.Extensions.BlameDataCollector.dll
C:\Program Files\dotnet\sdk\8.0.403\Extensions\Microsoft.TestPlatform.Extensions.EventLogCollector.dll
C:\Program Files\dotnet\sdk\8.0.403\Extensions\Microsoft.TestPlatform.TestHostRuntimeProvider.dll
C:\Program Files\dotnet\sdk\8.0.403\Extensions\Microsoft.VisualStudio.TestPlatform.Extensions.Html.TestLogger.dll
C:\Program Files\dotnet\sdk\8.0.403\Extensions\Microsoft.VisualStudio.TestPlatform.Extensions.Trx.TestLogger.dll
TpTrace Verbose: 0 : 5544, 1, 2025/01/09, 00:48:50.574, 1170012539845, vstest.console.dll, TestPluginCache.GetExtensionPaths: Added unfilterableExtensionPaths: 
TpTrace Information: 0 : 5544, 1, 2025/01/09, 00:48:50.574, 1170012540602, vstest.console.dll, AssemblyResolver.AddSearchDirectories: Adding more searchDirectories C:\Program Files\dotnet\sdk\8.0.403\Extensions,C:\Program Files\dotnet\sdk\8.0.403
TpTrace Verbose: 0 : 5544, 1, 2025/01/09, 00:48:50.574, 1170012540928, vstest.console.dll, TestPluginCache.DiscoverTestExtensions: Discovering the extensions using extension path.
TpTrace Verbose: 0 : 5544, 1, 2025/01/09, 00:48:50.574, 1170012541089, vstest.console.dll, TestPluginCache.GetExtensionPaths: Filtered extension paths: 
TpTrace Verbose: 0 : 5544, 1, 2025/01/09, 00:48:50.574, 1170012541249, vstest.console.dll, TestPluginCache.GetExtensionPaths: Added default extension paths: C:\Program Files\dotnet\sdk\8.0.403\Extensions\Microsoft.Diagnostics.NETCore.Client.dll
C:\Program Files\dotnet\sdk\8.0.403\Extensions\Microsoft.TestPlatform.Extensions.BlameDataCollector.dll
C:\Program Files\dotnet\sdk\8.0.403\Extensions\Microsoft.TestPlatform.Extensions.EventLogCollector.dll
C:\Program Files\dotnet\sdk\8.0.403\Extensions\Microsoft.TestPlatform.TestHostRuntimeProvider.dll
C:\Program Files\dotnet\sdk\8.0.403\Extensions\Microsoft.VisualStudio.TestPlatform.Extensions.Html.TestLogger.dll
C:\Program Files\dotnet\sdk\8.0.403\Extensions\Microsoft.VisualStudio.TestPlatform.Extensions.Trx.TestLogger.dll
TpTrace Verbose: 0 : 5544, 1, 2025/01/09, 00:48:50.574, 1170012541368, vstest.console.dll, TestPluginCache.GetExtensionPaths: Added unfilterableExtensionPaths: 
TpTrace Verbose: 0 : 5544, 1, 2025/01/09, 00:48:50.574, 1170012541515, vstest.console.dll, TestPluginCache.DiscoverTestExtensions: Discovering the extensions using allExtensionPaths: C:\Program Files\dotnet\sdk\8.0.403\Extensions\Microsoft.Diagnostics.NETCore.Client.dll
C:\Program Files\dotnet\sdk\8.0.403\Extensions\Microsoft.TestPlatform.Extensions.BlameDataCollector.dll
C:\Program Files\dotnet\sdk\8.0.403\Extensions\Microsoft.TestPlatform.Extensions.EventLogCollector.dll
C:\Program Files\dotnet\sdk\8.0.403\Extensions\Microsoft.TestPlatform.TestHostRuntimeProvider.dll
C:\Program Files\dotnet\sdk\8.0.403\Extensions\Microsoft.VisualStudio.TestPlatform.Extensions.Html.TestLogger.dll
C:\Program Files\dotnet\sdk\8.0.403\Extensions\Microsoft.VisualStudio.TestPlatform.Extensions.Trx.TestLogger.dll
TpTrace Information: 0 : 5544, 1, 2025/01/09, 00:48:50.575, 1170012542081, vstest.console.dll, AssemblyResolver.AddSearchDirectories: Adding more searchDirectories C:\Program Files\dotnet\sdk\8.0.403\Extensions,C:\Program Files\dotnet\sdk\8.0.403
TpTrace Information: 0 : 5544, 1, 2025/01/09, 00:48:50.575, 1170012542274, vstest.console.dll, AssemblyResolver.AddSearchDirectories: Adding more searchDirectories C:\Program Files\dotnet\sdk\8.0.403\Extensions,C:\Program Files\dotnet\sdk\8.0.403
TpTrace Information: 0 : 5544, 1, 2025/01/09, 00:48:50.575, 1170012542391, vstest.console.dll, AssemblyResolver.AddSearchDirectories: Adding more searchDirectories C:\Program Files\dotnet\sdk\8.0.403\Extensions,C:\Program Files\dotnet\sdk\8.0.403
TpTrace Information: 0 : 5544, 1, 2025/01/09, 00:48:50.575, 1170012542501, vstest.console.dll, AssemblyResolver.AddSearchDirectories: Adding more searchDirectories C:\Program Files\dotnet\sdk\8.0.403\Extensions,C:\Program Files\dotnet\sdk\8.0.403
TpTrace Information: 0 : 5544, 1, 2025/01/09, 00:48:50.575, 1170012542738, vstest.console.dll, AssemblyResolver.AddSearchDirectories: Adding more searchDirectories C:\Program Files\dotnet\sdk\8.0.403\Extensions,C:\Program Files\dotnet\sdk\8.0.403
TpTrace Information: 0 : 5544, 1, 2025/01/09, 00:48:50.575, 1170012542906, vstest.console.dll, AssemblyResolver.AddSearchDirectories: Adding more searchDirectories C:\Program Files\dotnet\sdk\8.0.403\Extensions,C:\Program Files\dotnet\sdk\8.0.403
TpTrace Verbose: 0 : 5544, 1, 2025/01/09, 00:48:50.575, 1170012543645, vstest.console.dll, MetadataReaderExtensionsHelper: Discovering extensions inside assembly 'Microsoft.Diagnostics.NETCore.Client, Version=0.2.10.30701, Culture=neutral, PublicKeyToken=31bf3856ad364e35' file path 'C:\Program Files\dotnet\sdk\8.0.403\Extensions\Microsoft.Diagnostics.NETCore.Client.dll'
TpTrace Information: 0 : 5544, 1, 2025/01/09, 00:48:50.575, 1170012548692, vstest.console.dll, AssemblyResolver.OnResolve: Microsoft.Bcl.AsyncInterfaces: Resolving assembly.
TpTrace Information: 0 : 5544, 1, 2025/01/09, 00:48:50.575, 1170012549067, vstest.console.dll, AssemblyResolver.OnResolve: Microsoft.Bcl.AsyncInterfaces: Resolved from cache.
TpTrace Verbose: 0 : 5544, 1, 2025/01/09, 00:48:50.575, 1170012549206, vstest.console.dll, CurrentDomainAssemblyResolve: Resolving assembly 'Microsoft.Bcl.AsyncInterfaces'.
TpTrace Information: 0 : 5544, 1, 2025/01/09, 00:48:50.575, 1170012549445, vstest.console.dll, AssemblyResolver.OnResolve: Microsoft.Bcl.AsyncInterfaces: Resolving assembly.
TpTrace Information: 0 : 5544, 1, 2025/01/09, 00:48:50.575, 1170012549614, vstest.console.dll, AssemblyResolver.OnResolve: Microsoft.Bcl.AsyncInterfaces: Resolved from cache.
TpTrace Verbose: 0 : 5544, 1, 2025/01/09, 00:48:50.575, 1170012549753, vstest.console.dll, CurrentDomainAssemblyResolve: Resolving assembly 'Microsoft.Bcl.AsyncInterfaces'.
TpTrace Verbose: 0 : 5544, 1, 2025/01/09, 00:48:50.575, 1170012549889, vstest.console.dll, CurrentDomainAssemblyResolve: Failed to resolve assembly 'Microsoft.Bcl.AsyncInterfaces'.
TpTrace Verbose: 0 : 5544, 1, 2025/01/09, 00:48:50.575, 1170012550958, vstest.console.dll, CurrentDomainAssemblyResolve: Failed to resolve assembly 'Microsoft.Bcl.AsyncInterfaces'.
TpTrace Warning: 0 : 5544, 1, 2025/01/09, 00:48:50.576, 1170012553545, vstest.console.dll, TestPluginDiscoverer: Failed to get types from assembly 'Microsoft.Diagnostics.NETCore.Client, Version=0.2.10.30701, Culture=neutral, PublicKeyToken=31bf3856ad364e35'. Error: System.Reflection.ReflectionTypeLoadException: Unable to load one or more of the requested types.
Could not load file or assembly 'Microsoft.Bcl.AsyncInterfaces, Version=6.0.0.0, Culture=neutral, PublicKeyToken=cc7b13ffcd2ddd51'. Не удается найти указанный файл.
   at System.Reflection.RuntimeModule.GetTypes(RuntimeModule module)
   at System.Reflection.RuntimeModule.GetTypes()
   at Microsoft.VisualStudio.TestPlatform.Common.ExtensionFramework.TestPluginDiscoverer.GetTestExtensionsFromAssembly[TPluginInfo,TExtension](Assembly assembly, Dictionary`2 pluginInfos, String filePath) in /_/src/Microsoft.TestPlatform.Common/ExtensionFramework/TestPluginDiscoverer.cs:line 158
System.IO.FileNotFoundException: Could not load file or assembly 'Microsoft.Bcl.AsyncInterfaces, Version=6.0.0.0, Culture=neutral, PublicKeyToken=cc7b13ffcd2ddd51'. Не удается найти указанный файл.
File name: 'Microsoft.Bcl.AsyncInterfaces, Version=6.0.0.0, Culture=neutral, PublicKeyToken=cc7b13ffcd2ddd51'
 ---> System.IO.FileNotFoundException: Could not load file or assembly 'Microsoft.Bcl.AsyncInterfaces, Culture=neutral, PublicKeyToken=null'. Не удается найти указанный файл.
File name: 'Microsoft.Bcl.AsyncInterfaces, Culture=neutral, PublicKeyToken=null'
   at System.Reflection.RuntimeAssembly.InternalLoad(AssemblyName assemblyName, StackCrawlMark& stackMark, AssemblyLoadContext assemblyLoadContext, RuntimeAssembly requestingAssembly, Boolean throwOnFileNotFound)
   at System.Reflection.Assembly.Load(AssemblyName assemblyRef)
   at Microsoft.VisualStudio.TestPlatform.Common.ExtensionFramework.TestPluginCache.CurrentDomainAssemblyResolve(Object sender, AssemblyResolveEventArgs args) in /_/src/Microsoft.TestPlatform.Common/ExtensionFramework/TestPluginCache.cs:line 513
   at System.Runtime.Loader.AssemblyLoadContext.GetFirstResolvedAssemblyFromResolvingEvent(AssemblyName assemblyName)
   at System.Runtime.Loader.AssemblyLoadContext.ResolveUsingEvent(AssemblyName assemblyName)
   at System.Runtime.Loader.AssemblyLoadContext.ResolveUsingResolvingEvent(IntPtr gchManagedAssemblyLoadContext, AssemblyName assemblyName)
TpTrace Warning: 0 : 5544, 1, 2025/01/09, 00:48:50.576, 1170012554475, vstest.console.dll, LoaderExceptions: System.IO.FileNotFoundException: Could not load file or assembly 'Microsoft.Bcl.AsyncInterfaces, Version=6.0.0.0, Culture=neutral, PublicKeyToken=cc7b13ffcd2ddd51'. Не удается найти указанный файл.
File name: 'Microsoft.Bcl.AsyncInterfaces, Version=6.0.0.0, Culture=neutral, PublicKeyToken=cc7b13ffcd2ddd51'
 ---> System.IO.FileNotFoundException: Could not load file or assembly 'Microsoft.Bcl.AsyncInterfaces, Culture=neutral, PublicKeyToken=null'. Не удается найти указанный файл.
File name: 'Microsoft.Bcl.AsyncInterfaces, Culture=neutral, PublicKeyToken=null'
   at System.Reflection.RuntimeAssembly.InternalLoad(AssemblyName assemblyName, StackCrawlMark& stackMark, AssemblyLoadContext assemblyLoadContext, RuntimeAssembly requestingAssembly, Boolean throwOnFileNotFound)
   at System.Reflection.Assembly.Load(AssemblyName assemblyRef)
   at Microsoft.VisualStudio.TestPlatform.Common.ExtensionFramework.TestPluginCache.CurrentDomainAssemblyResolve(Object sender, AssemblyResolveEventArgs args) in /_/src/Microsoft.TestPlatform.Common/ExtensionFramework/TestPluginCache.cs:line 513
   at System.Runtime.Loader.AssemblyLoadContext.GetFirstResolvedAssemblyFromResolvingEvent(AssemblyName assemblyName)
   at System.Runtime.Loader.AssemblyLoadContext.ResolveUsingEvent(AssemblyName assemblyName)
   at System.Runtime.Loader.AssemblyLoadContext.ResolveUsingResolvingEvent(IntPtr gchManagedAssemblyLoadContext, AssemblyName assemblyName)
TpTrace Verbose: 0 : 5544, 1, 2025/01/09, 00:48:50.576, 1170012554991, vstest.console.dll, MetadataReaderExtensionsHelper: Discovering extensions inside assembly 'Microsoft.TestPlatform.Extensions.BlameDataCollector, Version=15.0.0.0, Culture=neutral, PublicKeyToken=b03f5f7f11d50a3a' file path 'C:\Program Files\dotnet\sdk\8.0.403\Extensions\Microsoft.TestPlatform.Extensions.BlameDataCollector.dll'
TpTrace Information: 0 : 5544, 1, 2025/01/09, 00:48:50.576, 1170012557675, vstest.console.dll, GetTestExtensionFromType: Register extension with identifier data 'logger://Microsoft/TestPlatform/Extensions/Blame/v1' and type 'Microsoft.TestPlatform.Extensions.BlameDataCollector.BlameLogger, Microsoft.TestPlatform.Extensions.BlameDataCollector, Version=15.0.0.0, Culture=neutral, PublicKeyToken=b03f5f7f11d50a3a' inside file 'C:\Program Files\dotnet\sdk\8.0.403\Extensions\Microsoft.TestPlatform.Extensions.BlameDataCollector.dll'
TpTrace Verbose: 0 : 5544, 1, 2025/01/09, 00:48:50.576, 1170012558082, vstest.console.dll, MetadataReaderExtensionsHelper: Discovering extensions inside assembly 'Microsoft.TestPlatform.Extensions.EventLogCollector, Version=15.0.0.0, Culture=neutral, PublicKeyToken=b03f5f7f11d50a3a' file path 'C:\Program Files\dotnet\sdk\8.0.403\Extensions\Microsoft.TestPlatform.Extensions.EventLogCollector.dll'
TpTrace Verbose: 0 : 5544, 1, 2025/01/09, 00:48:50.576, 1170012559929, vstest.console.dll, MetadataReaderExtensionsHelper: Discovering extensions inside assembly 'Microsoft.TestPlatform.TestHostRuntimeProvider, Version=15.0.0.0, Culture=neutral, PublicKeyToken=b03f5f7f11d50a3a' file path 'C:\Program Files\dotnet\sdk\8.0.403\Extensions\Microsoft.TestPlatform.TestHostRuntimeProvider.dll'
TpTrace Verbose: 0 : 5544, 1, 2025/01/09, 00:48:50.577, 1170012562091, vstest.console.dll, MetadataReaderExtensionsHelper: Discovering extensions inside assembly 'Microsoft.VisualStudio.TestPlatform.Extensions.Html.TestLogger, Version=15.0.0.0, Culture=neutral, PublicKeyToken=b03f5f7f11d50a3a' file path 'C:\Program Files\dotnet\sdk\8.0.403\Extensions\Microsoft.VisualStudio.TestPlatform.Extensions.Html.TestLogger.dll'
TpTrace Information: 0 : 5544, 1, 2025/01/09, 00:48:50.577, 1170012565869, vstest.console.dll, GetTestExtensionFromType: Register extension with identifier data 'logger://Microsoft/TestPlatform/HtmlLogger/v1' and type 'Microsoft.VisualStudio.TestPlatform.Extensions.HtmlLogger.HtmlLogger, Microsoft.VisualStudio.TestPlatform.Extensions.Html.TestLogger, Version=15.0.0.0, Culture=neutral, PublicKeyToken=b03f5f7f11d50a3a' inside file 'C:\Program Files\dotnet\sdk\8.0.403\Extensions\Microsoft.VisualStudio.TestPlatform.Extensions.Html.TestLogger.dll'
TpTrace Verbose: 0 : 5544, 1, 2025/01/09, 00:48:50.577, 1170012566384, vstest.console.dll, MetadataReaderExtensionsHelper: Discovering extensions inside assembly 'Microsoft.VisualStudio.TestPlatform.Extensions.Trx.TestLogger, Version=15.0.0.0, Culture=neutral, PublicKeyToken=b03f5f7f11d50a3a' file path 'C:\Program Files\dotnet\sdk\8.0.403\Extensions\Microsoft.VisualStudio.TestPlatform.Extensions.Trx.TestLogger.dll'
TpTrace Information: 0 : 5544, 1, 2025/01/09, 00:48:50.577, 1170012568680, vstest.console.dll, GetTestExtensionFromType: Register extension with identifier data 'logger://Microsoft/TestPlatform/TrxLogger/v1' and type 'Microsoft.VisualStudio.TestPlatform.Extensions.TrxLogger.TrxLogger, Microsoft.VisualStudio.TestPlatform.Extensions.Trx.TestLogger, Version=15.0.0.0, Culture=neutral, PublicKeyToken=b03f5f7f11d50a3a' inside file 'C:\Program Files\dotnet\sdk\8.0.403\Extensions\Microsoft.VisualStudio.TestPlatform.Extensions.Trx.TestLogger.dll'
TpTrace Verbose: 0 : 5544, 1, 2025/01/09, 00:48:50.577, 1170012569233, vstest.console.dll, TestPluginCache: Discovered the extensions using extension path ''.
TpTrace Verbose: 0 : 5544, 1, 2025/01/09, 00:48:50.577, 1170012569454, vstest.console.dll, TestPluginCache: Discoverers are ''.
TpTrace Verbose: 0 : 5544, 1, 2025/01/09, 00:48:50.577, 1170012569573, vstest.console.dll, TestPluginCache: Executors are ''.
TpTrace Verbose: 0 : 5544, 1, 2025/01/09, 00:48:50.577, 1170012569677, vstest.console.dll, TestPluginCache: Executors2 are ''.
TpTrace Verbose: 0 : 5544, 1, 2025/01/09, 00:48:50.577, 1170012569780, vstest.console.dll, TestPluginCache: Setting providers are ''.
TpTrace Verbose: 0 : 5544, 1, 2025/01/09, 00:48:50.577, 1170012570327, vstest.console.dll, TestPluginCache: Loggers are 'logger://Microsoft/TestPlatform/Extensions/Blame/v1,logger://Microsoft/TestPlatform/HtmlLogger/v1,logger://Microsoft/TestPlatform/TrxLogger/v1'.
TpTrace Verbose: 0 : 5544, 1, 2025/01/09, 00:48:50.577, 1170012570607, vstest.console.dll, TestPluginCache: TestHosts are 'HostProvider://DefaultTestHost,HostProvider://DotnetTestHost'.
TpTrace Verbose: 0 : 5544, 1, 2025/01/09, 00:48:50.577, 1170012570748, vstest.console.dll, TestPluginCache: DataCollectors are ''.
TpTrace Information: 0 : 5544, 1, 2025/01/09, 00:48:50.578, 1170012577589, vstest.console.dll, TestPluginManager.CreateTestExtension: Attempting to load test extension: Microsoft.TestPlatform.Extensions.BlameDataCollector.BlameLogger
TpTrace Verbose: 0 : 5544, 1, 2025/01/09, 00:48:50.585, 1170012650652, vstest.console.dll, TestEngine: Initializing Parallel Execution as MaxCpuCount is set to: 1
TpTrace Information: 0 : 5544, 1, 2025/01/09, 00:48:50.587, 1170012662821, vstest.console.dll, TestPluginManager.CreateTestExtension: Attempting to load test extension: Microsoft.VisualStudio.TestPlatform.CrossPlatEngine.Hosting.DefaultTestHostManager
TpTrace Information: 0 : 5544, 1, 2025/01/09, 00:48:50.587, 1170012670428, vstest.console.dll, TestPluginManager.CreateTestExtension: Attempting to load test extension: Microsoft.VisualStudio.TestPlatform.CrossPlatEngine.Hosting.DotnetTestHostManager
TpTrace Verbose: 0 : 5544, 1, 2025/01/09, 00:48:50.587, 1170012671719, vstest.console.dll, TestHostManagerCallbacks.ctor: Forwarding output is enabled.
TpTrace Information: 0 : 5544, 1, 2025/01/09, 00:48:50.588, 1170012674124, vstest.console.dll, InferRunSettingsHelper.IsTestSettingsEnabled: Unable to navigate to RunSettings/MSTest. Current node: RunSettings
TpTrace Verbose: 0 : 5544, 1, 2025/01/09, 00:48:50.588, 1170012679377, vstest.console.dll, ParallelOperationManager.ClearSlots: Clearing all slots. Slots should accept more work: True
TpTrace Verbose: 0 : 5544, 1, 2025/01/09, 00:48:50.589, 1170012683155, vstest.console.dll, ParallelOperationManager.SetOccupiedSlotCount: Setting slot counts AvailableSlotCount = 1, OccupiedSlotCount = 0.
TpTrace Verbose: 0 : 5544, 1, 2025/01/09, 00:48:50.589, 1170012684856, vstest.console.dll, Occupied slots:

TpTrace Verbose: 0 : 5544, 1, 2025/01/09, 00:48:50.591, 1170012702897, vstest.console.dll, TestEngine.GetExecutionManager: Chosen execution manager 'Microsoft.VisualStudio.TestPlatform.CrossPlatEngine.Client.Parallel.ParallelProxyExecutionManager, Microsoft.TestPlatform.CrossPlatEngine, Version=15.0.0.0, Culture=neutral, PublicKeyToken=b03f5f7f11d50a3a' ParallelLevel '1'.
TpTrace Verbose: 0 : 5544, 1, 2025/01/09, 00:48:50.591, 1170012703887, vstest.console.dll, TestPlatform.GetSkipDefaultAdapters: Not skipping default adapters SkipDefaultAdapters was false.
TpTrace Verbose: 0 : 5544, 1, 2025/01/09, 00:48:50.591, 1170012704378, vstest.console.dll, TestRunRequest.ExecuteAsync: Creating test run request.
TpTrace Verbose: 0 : 5544, 1, 2025/01/09, 00:48:50.591, 1170012707724, vstest.console.dll, TestRunRequest.ExecuteAsync: Starting.
TpTrace Information: 0 : 5544, 1, 2025/01/09, 00:48:50.592, 1170012716921, vstest.console.dll, TestRunRequest.ExecuteAsync: Starting run with settings:TestRunCriteria:
   KeepAlive=False,FrequencyOfRunStatsChangeEvent=10,RunStatsChangeEventTimeout=00:00:01.5000000,TestCaseFilter=,TestExecutorLauncher=
   Settingsxml=<RunSettings>
  <RunConfiguration>
    <ResultsDirectory>C:\Users\fokso\source\repos\FunWithUnitTesting\UnitTestOne\bin\Debug\net8.0\fine-code-coverage\coverage-tool-output</ResultsDirectory>
    <TargetPlatform>X64</TargetPlatform>
    <TargetFrameworkVersion>.NETCoreApp,Version=v8.0</TargetFrameworkVersion>
    <DesignMode>False</DesignMode>
    <CollectSourceInformation>False</CollectSourceInformation>
  </RunConfiguration>
  <LoggerRunSettings>
    <Loggers>
      <Logger friendlyName="blame" enabled="True" />
      <Logger friendlyName="Console" uri="logger://microsoft/TestPlatform/ConsoleLogger/v1" assemblyQualifiedName="Microsoft.VisualStudio.TestPlatform.CommandLine.Internal.ConsoleLogger, vstest.console, Version=15.0.0.0, Culture=neutral, PublicKeyToken=b03f5f7f11d50a3a" codeBase="C:\Program Files\dotnet\sdk\8.0.403\vstest.console.dll" enabled="True" />
    </Loggers>
  </LoggerRunSettings>
  <DataCollectionRunSettings>
    <DataCollectors>
      <DataCollector friendlyName="blame" enabled="True">
        <Configuration>
          <ResultsDirectory>C:\Users\fokso\source\repos\FunWithUnitTesting\UnitTestOne\bin\Debug\net8.0\fine-code-coverage\coverage-tool-output</ResultsDirectory>
        </Configuration>
      </DataCollector>
    </DataCollectors>
  </DataCollectionRunSettings>
</RunSettings>

TpTrace Verbose: 0 : 5544, 1, 2025/01/09, 00:48:50.592, 1170012717265, vstest.console.dll, TestRunRequest.ExecuteAsync: Wait for the first run request is over.
TpTrace Verbose: 0 : 5544, 1, 2025/01/09, 00:48:50.592, 1170012718842, vstest.console.dll, MulticastDelegateUtilities.SafeInvoke: TestRun.TestRunStart: Invoking callbacks was skipped because there are no subscribers.
TpTrace Verbose: 0 : 5544, 4, 2025/01/09, 00:48:50.592, 1170012720509, vstest.console.dll, MulticastDelegateUtilities.SafeInvoke: InternalTestLoggerEvents.SendTestRunStart: Invoking callback 1/1 for Microsoft.VisualStudio.TestPlatform.CommandLine.Internal.ConsoleLogger., took 0 ms.
TpTrace Verbose: 0 : 5544, 1, 2025/01/09, 00:48:50.593, 1170012724502, vstest.console.dll, ParallelProxyExecutionManager: Start execution. Total sources: 1
TpTrace Verbose: 0 : 5544, 1, 2025/01/09, 00:48:50.593, 1170012726535, vstest.console.dll, ParallelOperationManager.StartWork: Starting adding 1 workloads.
TpTrace Verbose: 0 : 5544, 1, 2025/01/09, 00:48:50.593, 1170012726918, vstest.console.dll, ParallelOperationManager.ClearSlots: Clearing all slots. Slots should accept more work: True
TpTrace Verbose: 0 : 5544, 1, 2025/01/09, 00:48:50.593, 1170012727294, vstest.console.dll, ParallelOperationManager.SetOccupiedSlotCount: Setting slot counts AvailableSlotCount = 1, OccupiedSlotCount = 0.
TpTrace Verbose: 0 : 5544, 1, 2025/01/09, 00:48:50.593, 1170012727495, vstest.console.dll, Occupied slots:

TpTrace Verbose: 0 : 5544, 1, 2025/01/09, 00:48:50.594, 1170012734264, vstest.console.dll, TestHostManagerCallbacks.ctor: Forwarding output is enabled.
TpTrace Verbose: 0 : 5544, 1, 2025/01/09, 00:48:50.594, 1170012735683, vstest.console.dll, TestRequestSender is acting as server.
TpTrace Verbose: 0 : 5544, 1, 2025/01/09, 00:48:50.595, 1170012749436, vstest.console.dll, ParallelOperationManager.RunWorkInParallel: Adding 1 workload to slot, remaining workloads 0.
TpTrace Verbose: 0 : 5544, 1, 2025/01/09, 00:48:50.595, 1170012750094, vstest.console.dll, ParallelOperationManager.SetOccupiedSlotCount: Setting slot counts AvailableSlotCount = 0, OccupiedSlotCount = 1.
TpTrace Verbose: 0 : 5544, 1, 2025/01/09, 00:48:50.595, 1170012750929, vstest.console.dll, Occupied slots:
0: C:\Users\fokso\source\repos\FunWithUnitTesting\UnitTestOne\bin\Debug\net8.0\fine-code-coverage\build-output\UnitTestOne.dll
TpTrace Verbose: 0 : 5544, 1, 2025/01/09, 00:48:50.596, 1170012760747, vstest.console.dll, ParallelOperationManager.RunWorkInParallel: Started host in slot number 0 for work (source): C:\Users\fokso\source\repos\FunWithUnitTesting\UnitTestOne\bin\Debug\net8.0\fine-code-coverage\build-output\UnitTestOne.dll.
TpTrace Verbose: 0 : 5544, 1, 2025/01/09, 00:48:50.597, 1170012769786, vstest.console.dll, ParallelOperationManager.RunWorkInParallel: We started 1 work items, which is the max parallel level. Won't start more work.
TpTrace Verbose: 0 : 5544, 1, 2025/01/09, 00:48:50.597, 1170012770230, vstest.console.dll, ParallelOperationManager.RunWorkInParallel: We started 1 work items in here, returning True.
TpTrace Information: 0 : 5544, 1, 2025/01/09, 00:48:50.597, 1170012770411, vstest.console.dll, TestRunRequest.ExecuteAsync: Started.
TpTrace Verbose: 0 : 5544, 5, 2025/01/09, 00:48:50.598, 1170012772318, vstest.console.dll, ParallelProxyExecutionManager.StartTestRunOnConcurrentManager: Initializing uninitialized client. Started clients: 0
TpTrace Verbose: 0 : 5544, 5, 2025/01/09, 00:48:50.598, 1170012773518, vstest.console.dll, DataCollectionRequestSender.InitializeCommunication : Initialize communication. 
TpTrace Verbose: 0 : 5544, 1, 2025/01/09, 00:48:50.598, 1170012773682, vstest.console.dll, TestRunRequest.WaitForCompletion: Waiting with timeout -1.
TpTrace Information: 0 : 5544, 5, 2025/01/09, 00:48:50.602, 1170012820520, vstest.console.dll, Listening on Endpoint : 127.0.0.1:53690
TpTrace Verbose: 0 : 5544, 5, 2025/01/09, 00:48:50.606, 1170012855640, vstest.console.dll, DotnetDataCollectionLauncher: Adding  --runtimeconfig "C:\Program Files\dotnet\sdk\8.0.403\datacollector.runtimeconfig.json" in args
TpTrace Verbose: 0 : 5544, 5, 2025/01/09, 00:48:50.606, 1170012856823, vstest.console.dll, DotnetDataCollectionLauncher: Adding  --depsfile "C:\Program Files\dotnet\sdk\8.0.403\datacollector.deps.json" in args
TpTrace Verbose: 0 : 5544, 5, 2025/01/09, 00:48:50.606, 1170012859466, vstest.console.dll, DotnetDataCollectionLauncher: Full path of dotnet.exe is C:\Program Files\dotnet\dotnet.exe
TpTrace Information: 0 : 5544, 5, 2025/01/09, 00:48:50.613, 1170012931037, vstest.console.dll, ProxyDataCollectionManager.Initialize: Launched datacollector processId: 12572 port: 53690
TpTrace Information: 0 : 5544, 5, 2025/01/09, 00:48:50.614, 1170012932115, vstest.console.dll, ProxyDataCollectionManager.Initialize: waiting for connection with timeout: 90 seconds
TpTrace Verbose: 0 : 5544, 5, 2025/01/09, 00:48:50.614, 1170012932360, vstest.console.dll, DataCollectionRequestSender.WaitForRequestHandlerConnection : Waiting for connection with timeout: 90000
TpTrace Verbose: 0 : 5544, 5, 2025/01/09, 00:48:50.714, 1170013935985, vstest.console.dll, SocketCommunicationManager.WaitForClientConnection took: 100 ms, with 90000 ms timeout, and finished with True.
TpTrace Information: 0 : 5544, 7, 2025/01/09, 00:48:50.714, 1170013935977, vstest.console.dll, Using the buffer size of 16384 bytes
TpTrace Verbose: 0 : 5544, 5, 2025/01/09, 00:48:50.714, 1170013937209, vstest.console.dll, ProxyDataCollectionManager.InvokeDataCollectionServiceAction: Starting.
TpTrace Information: 0 : 5544, 7, 2025/01/09, 00:48:50.714, 1170013937336, vstest.console.dll, Accepted Client request and set the flag
TpTrace Information: 0 : 5544, 5, 2025/01/09, 00:48:50.714, 1170013937710, vstest.console.dll, ProxyDataCollectionManager.BeforeTestRunStart: Get environment variable and port for datacollector processId: 12572 port: 53690
TpTrace Verbose: 0 : 5544, 5, 2025/01/09, 00:48:50.714, 1170013938484, vstest.console.dll, DataCollectionRequestSender.SendBeforeTestRunStartAndGetResult: Send BeforeTestRunStart message with settingsXml <RunSettings><RunConfiguration><ResultsDirectory>C:\Users\fokso\source\repos\FunWithUnitTesting\UnitTestOne\bin\Debug\net8.0\fine-code-coverage\coverage-tool-output</ResultsDirectory><TargetPlatform>X64</TargetPlatform><TargetFrameworkVersion>.NETCoreApp,Version=v8.0</TargetFrameworkVersion><DesignMode>False</DesignMode><CollectSourceInformation>False</CollectSourceInformation><TestAdaptersPaths>C:\Program Files\dotnet\sdk\8.0.403\Extensions</TestAdaptersPaths></RunConfiguration><LoggerRunSettings><Loggers><Logger friendlyName="blame" enabled="True" /><Logger friendlyName="Console" uri="logger://microsoft/TestPlatform/ConsoleLogger/v1" assemblyQualifiedName="Microsoft.VisualStudio.TestPlatform.CommandLine.Internal.ConsoleLogger, vstest.console, Version=15.0.0.0, Culture=neutral, PublicKeyToken=b03f5f7f11d50a3a" codeBase="C:\Program Files\dotnet\sdk\8.0.403\vstest.console.dll" enabled="True" /></Loggers></LoggerRunSettings><DataCollectionRunSettings><DataCollectors><DataCollector friendlyName="blame" enabled="True"><Configuration><ResultsDirectory>C:\Users\fokso\source\repos\FunWithUnitTesting\UnitTestOne\bin\Debug\net8.0\fine-code-coverage\coverage-tool-output</ResultsDirectory></Configuration></DataCollector></DataCollectors></DataCollectionRunSettings></RunSettings> and sources System.Collections.Generic.List`1[System.String]: 
TpTrace Verbose: 0 : 5544, 5, 2025/01/09, 00:48:50.748, 1170014280786, vstest.console.dll, DataCollectionRequestSender.SendBeforeTestRunStartAndGetResult: Received message: (DataCollection.SendMessage) -> {"MessageType":"DataCollection.SendMessage","Payload":{"FriendlyName":null,"Uri":null,"TestCaseId":"00000000-0000-0000-0000-000000000000","Message":"Logging DataCollector Diagnostics in file: C:\\Users\\fokso\\source\\repos\\FunWithUnitTesting\\UnitTestOne\\bin\\Debug\\net8.0\\fine-code-coverage\\coverage-tool-output\\diagnostics.datacollector.25-01-09_00-48-50_60604_5.log","Level":0}}
TpTrace Verbose: 0 : 5544, 5, 2025/01/09, 00:48:50.798, 1170014778450, vstest.console.dll, DataCollectionRequestSender.SendBeforeTestRunStartAndGetResult: Received message: (DataCollection.BeforeTestRunStartResult) -> {"MessageType":"DataCollection.BeforeTestRunStartResult","Payload":{"EnvironmentVariables":{},"DataCollectionEventsPort":53692}}
TpTrace Information: 0 : 5544, 5, 2025/01/09, 00:48:50.801, 1170014807258, vstest.console.dll, ProxyDataCollectionManager.BeforeTestRunStart: SendBeforeTestRunStartAndGetResult successful, env variable from datacollector:   and testhost port: 53692
TpTrace Information: 0 : 5544, 5, 2025/01/09, 00:48:50.801, 1170014807917, vstest.console.dll, ProxyDataCollectionManager.InvokeDataCollectionServiceAction: Completed.
TpTrace Verbose: 0 : 5544, 5, 2025/01/09, 00:48:50.801, 1170014808193, vstest.console.dll, ParallelProxyExecutionManager.StartTestRunOnConcurrentManager: Initializing test run. Started clients: 0
TpTrace Verbose: 0 : 5544, 5, 2025/01/09, 00:48:50.801, 1170014808768, vstest.console.dll, ProxyExecutionManager: Test host is always Lazy initialize.
TpTrace Verbose: 0 : 5544, 5, 2025/01/09, 00:48:50.801, 1170014809971, vstest.console.dll, TestRequestSender.InitializeCommunication: initialize communication. 
TpTrace Information: 0 : 5544, 5, 2025/01/09, 00:48:50.802, 1170014813042, vstest.console.dll, SocketServer.Start: Listening on endpoint : 127.0.0.1:53693
TpTrace Verbose: 0 : 5544, 5, 2025/01/09, 00:48:50.802, 1170014817976, vstest.console.dll, DotnetTestHostmanager.GetTestHostProcessStartInfo: Platform environment 'X64' target architecture 'X64' framework '.NETCoreApp,Version=v8.0' OS 'Windows'
TpTrace Verbose: 0 : 5544, 5, 2025/01/09, 00:48:50.803, 1170014822559, vstest.console.dll, DotnetTestHostmanager: Adding  --runtimeconfig "C:\Users\fokso\source\repos\FunWithUnitTesting\UnitTestOne\bin\Debug\net8.0\fine-code-coverage\build-output\UnitTestOne.runtimeconfig.json" in args
TpTrace Verbose: 0 : 5544, 5, 2025/01/09, 00:48:50.803, 1170014825292, vstest.console.dll, DotnetTestHostmanager: Adding  --depsfile "C:\Users\fokso\source\repos\FunWithUnitTesting\UnitTestOne\bin\Debug\net8.0\fine-code-coverage\build-output\UnitTestOne.deps.json" in args
TpTrace Verbose: 0 : 5544, 5, 2025/01/09, 00:48:50.803, 1170014826770, vstest.console.dll, DotnetTestHostmanager.IsWinOnArm: Current PROCESSOR_ARCHITECTURE from environment variable 'AMD64'
TpTrace Verbose: 0 : 5544, 5, 2025/01/09, 00:48:50.803, 1170014827159, vstest.console.dll, DotnetTestHostmanager.IsWinOnArm: Is Windows on ARM 'False'
TpTrace Verbose: 0 : 5544, 5, 2025/01/09, 00:48:50.803, 1170014827723, vstest.console.dll, DotnetTestHostManager: testhost.exe found at path: C:\Users\fokso\source\repos\FunWithUnitTesting\UnitTestOne\bin\Debug\net8.0\fine-code-coverage\build-output\testhost.exe
TpTrace Verbose: 0 : 5544, 5, 2025/01/09, 00:48:50.803, 1170014827956, vstest.console.dll, DotnetTestHostmanager: Full path of host exe is C:\Users\fokso\source\repos\FunWithUnitTesting\UnitTestOne\bin\Debug\net8.0\fine-code-coverage\build-output\testhost.exe
TpTrace Verbose: 0 : 5544, 5, 2025/01/09, 00:48:50.803, 1170014828706, vstest.console.dll, DotnetTestHostmanager.LaunchTestHostAsync: Found 'VSTEST_WINAPPHOST_DOTNET_ROOT' in env variables, value 'C:\Program Files\dotnet', forwarding to 'DOTNET_ROOT'
TpTrace Verbose: 0 : 5544, 5, 2025/01/09, 00:48:50.803, 1170014829471, vstest.console.dll, DotnetTestHostManager: Starting process 'C:\Users\fokso\source\repos\FunWithUnitTesting\UnitTestOne\bin\Debug\net8.0\fine-code-coverage\build-output\testhost.exe' with command line ' --runtimeconfig "C:\Users\fokso\source\repos\FunWithUnitTesting\UnitTestOne\bin\Debug\net8.0\fine-code-coverage\build-output\UnitTestOne.runtimeconfig.json" --depsfile "C:\Users\fokso\source\repos\FunWithUnitTesting\UnitTestOne\bin\Debug\net8.0\fine-code-coverage\build-output\UnitTestOne.deps.json" --port 53693 --endpoint 127.0.0.1:053693 --role client --parentprocessid 5544 --diag "C:\Users\fokso\source\repos\FunWithUnitTesting\UnitTestOne\bin\Debug\net8.0\fine-code-coverage\coverage-tool-output\diagnostics.host.25-01-09_00-48-50_80237_5.log" --tracelevel 4 --datacollectionport 53692 --telemetryoptedin false'
TpTrace Verbose: 0 : 5544, 5, 2025/01/09, 00:48:50.811, 1170014911823, vstest.console.dll, MulticastDelegateUtilities.SafeInvoke: HostProviderEvents.OnHostLaunched: Invoking callback 1/2 for Microsoft.VisualStudio.TestPlatform.CrossPlatEngine.Client.ProxyExecutionManagerWithDataCollection., took 1 ms.
TpTrace Verbose: 0 : 5544, 5, 2025/01/09, 00:48:50.812, 1170014914317, vstest.console.dll, Test Runtime launched
TpTrace Verbose: 0 : 5544, 5, 2025/01/09, 00:48:50.812, 1170014914887, vstest.console.dll, MulticastDelegateUtilities.SafeInvoke: HostProviderEvents.OnHostLaunched: Invoking callback 2/2 for Microsoft.VisualStudio.TestPlatform.CrossPlatEngine.Client.ProxyOperationManager., took 0 ms.
TpTrace Verbose: 0 : 5544, 5, 2025/01/09, 00:48:50.812, 1170014915847, vstest.console.dll, TestRequestSender.WaitForRequestHandlerConnection: waiting for connection with timeout: 90000.
TpTrace Verbose: 0 : 5544, 5, 2025/01/09, 00:48:50.959, 1170016383249, vstest.console.dll, TestRequestSender.WaitForRequestHandlerConnection: waiting took 146 ms, with timeout 90000 ms, and result 0, which is success.
TpTrace Verbose: 0 : 5544, 13, 2025/01/09, 00:48:50.959, 1170016383249, vstest.console.dll, MulticastDelegateUtilities.SafeInvoke: SocketServer: ClientConnected: Invoking callback 1/1 for Microsoft.VisualStudio.TestPlatform.CommunicationUtilities.TestRequestSender., took 0 ms.
TpTrace Verbose: 0 : 5544, 13, 2025/01/09, 00:48:50.959, 1170016384858, vstest.console.dll, SocketServer.OnClientConnected: Client connected for endPoint: 127.0.0.1:53693, starting MessageLoopAsync:
TpTrace Verbose: 0 : 5544, 14, 2025/01/09, 00:48:50.959, 1170016389698, vstest.console.dll, TcpClientExtensions.MessageLoopAsync: Polling on remoteEndPoint: 127.0.0.1:53694 localEndPoint: 127.0.0.1:53693 after 0 ms
TpTrace Verbose: 0 : 5544, 5, 2025/01/09, 00:48:50.959, 1170016391043, vstest.console.dll, TestRequestSender.CheckVersionWithTestHost: Sending check version message: {"MessageType":"ProtocolVersion","Payload":7}
TpTrace Verbose: 0 : 5544, 14, 2025/01/09, 00:48:51.035, 1170017145257, vstest.console.dll, TcpClientExtensions.MessageLoopAsync: NotifyDataAvailable remoteEndPoint: 127.0.0.1:53694 localEndPoint: 127.0.0.1:53693
TpTrace Verbose: 0 : 5544, 14, 2025/01/09, 00:48:51.035, 1170017147230, vstest.console.dll, TestRequestSender.CheckVersionWithTestHost: onMessageReceived received message: (ProtocolVersion) -> {"MessageType":"ProtocolVersion","Payload":7}
TpTrace Verbose: 0 : 5544, 14, 2025/01/09, 00:48:51.036, 1170017153949, vstest.console.dll, MulticastDelegateUtilities.SafeInvoke: LengthPrefixCommunicationChannel: MessageReceived: Invoking callback 1/1 for Microsoft.VisualStudio.TestPlatform.CommunicationUtilities.TestRequestSender+<>c__DisplayClass29_0., took 0 ms.
TpTrace Verbose: 0 : 5544, 14, 2025/01/09, 00:48:51.036, 1170017154611, vstest.console.dll, TcpClientExtensions.MessageLoopAsync: Polling on remoteEndPoint: 127.0.0.1:53694 localEndPoint: 127.0.0.1:53693 after 76 ms
TpTrace Verbose: 0 : 5544, 5, 2025/01/09, 00:48:51.036, 1170017154655, vstest.console.dll, TestPluginCache.GetExtensionPaths: Filtered extension paths: 
TpTrace Verbose: 0 : 5544, 5, 2025/01/09, 00:48:51.036, 1170017155232, vstest.console.dll, TestPluginCache.GetExtensionPaths: Added default extension paths: C:\Program Files\dotnet\sdk\8.0.403\Extensions\Microsoft.Diagnostics.NETCore.Client.dll
C:\Program Files\dotnet\sdk\8.0.403\Extensions\Microsoft.TestPlatform.Extensions.BlameDataCollector.dll
C:\Program Files\dotnet\sdk\8.0.403\Extensions\Microsoft.TestPlatform.Extensions.EventLogCollector.dll
C:\Program Files\dotnet\sdk\8.0.403\Extensions\Microsoft.TestPlatform.TestHostRuntimeProvider.dll
C:\Program Files\dotnet\sdk\8.0.403\Extensions\Microsoft.VisualStudio.TestPlatform.Extensions.Html.TestLogger.dll
C:\Program Files\dotnet\sdk\8.0.403\Extensions\Microsoft.VisualStudio.TestPlatform.Extensions.Trx.TestLogger.dll
TpTrace Verbose: 0 : 5544, 5, 2025/01/09, 00:48:51.036, 1170017156119, vstest.console.dll, TestPluginCache.GetExtensionPaths: Added unfilterableExtensionPaths: 
TpTrace Verbose: 0 : 5544, 5, 2025/01/09, 00:48:51.038, 1170017172107, vstest.console.dll, TestRequestSender.InitializeExecution: Sending initialize execution with message: {"Version":7,"MessageType":"TestExecution.Initialize","Payload":["C:\\Users\\fokso\\source\\repos\\FunWithUnitTesting\\UnitTestOne\\bin\\Debug\\net8.0\\fine-code-coverage\\build-output\\xunit.runner.visualstudio.dotnetcore.testadapter.dll"]}
TpTrace Verbose: 0 : 5544, 5, 2025/01/09, 00:48:51.038, 1170017173452, vstest.console.dll, ParallelProxyExecutionManager.StartTestRunOnConcurrentManager: Execution starting. Started clients: 1
TpTrace Verbose: 0 : 5544, 5, 2025/01/09, 00:48:51.038, 1170017174859, vstest.console.dll, TestRunRequest:SendTestRunMessage: Starting.
TpTrace Verbose: 0 : 5544, 5, 2025/01/09, 00:48:51.038, 1170017175764, vstest.console.dll, MulticastDelegateUtilities.SafeInvoke: TestRun.LogMessages: Invoking callback 1/1 for Microsoft.VisualStudio.TestPlatform.CommandLine.TestRunResultAggregator., took 0 ms.
TpTrace Information: 0 : 5544, 5, 2025/01/09, 00:48:51.038, 1170017175944, vstest.console.dll, TestRunRequest:SendTestRunMessage: Completed.
TpTrace Verbose: 0 : 5544, 4, 2025/01/09, 00:48:51.038, 1170017176967, vstest.console.dll, MulticastDelegateUtilities.SafeInvoke: InternalTestLoggerEvents.SendTestRunMessage: Invoking callback 1/1 for Microsoft.VisualStudio.TestPlatform.CommandLine.Internal.ConsoleLogger., took 0 ms.
TpTrace Warning: 0 : 5544, 5, 2025/01/09, 00:48:51.038, 1170017179640, vstest.console.dll, InferRunSettingsHelper.MakeRunsettingsCompatible: Removing the following settings: TargetPlatform from RunSettings file. To use those settings please move to latest version of Microsoft.NET.Test.Sdk
TpTrace Verbose: 0 : 5544, 14, 2025/01/09, 00:48:51.040, 1170017196754, vstest.console.dll, TcpClientExtensions.MessageLoopAsync: NotifyDataAvailable remoteEndPoint: 127.0.0.1:53694 localEndPoint: 127.0.0.1:53693
TpTrace Verbose: 0 : 5544, 14, 2025/01/09, 00:48:51.040, 1170017199504, vstest.console.dll, TestRequestSender.OnExecutionMessageReceived: Received message: {"Version":7,"MessageType":"TestSession.Message","Payload":{"MessageLevel":0,"Message":"Ведение журналов диагностики TestHost в файле: C:\\Users\\fokso\\source\\repos\\FunWithUnitTesting\\UnitTestOne\\bin\\Debug\\net8.0\\fine-code-coverage\\coverage-tool-output\\diagnostics.host.25-01-09_00-48-50_80237_5.log"}}
TpTrace Verbose: 0 : 5544, 14, 2025/01/09, 00:48:51.042, 1170017217333, vstest.console.dll, TestRunRequest:SendTestRunMessage: Starting.
TpTrace Verbose: 0 : 5544, 14, 2025/01/09, 00:48:51.042, 1170017218547, vstest.console.dll, MulticastDelegateUtilities.SafeInvoke: TestRun.LogMessages: Invoking callback 1/1 for Microsoft.VisualStudio.TestPlatform.CommandLine.TestRunResultAggregator., took 0 ms.
TpTrace Information: 0 : 5544, 14, 2025/01/09, 00:48:51.042, 1170017218705, vstest.console.dll, TestRunRequest:SendTestRunMessage: Completed.
TpTrace Verbose: 0 : 5544, 4, 2025/01/09, 00:48:51.042, 1170017218718, vstest.console.dll, MulticastDelegateUtilities.SafeInvoke: InternalTestLoggerEvents.SendTestRunMessage: Invoking callback 1/1 for Microsoft.VisualStudio.TestPlatform.CommandLine.Internal.ConsoleLogger., took 0 ms.
TpTrace Verbose: 0 : 5544, 14, 2025/01/09, 00:48:51.042, 1170017218876, vstest.console.dll, MulticastDelegateUtilities.SafeInvoke: LengthPrefixCommunicationChannel: MessageReceived: Invoking callback 1/1 for Microsoft.VisualStudio.TestPlatform.CommunicationUtilities.TestRequestSender+<>c__DisplayClass34_0., took 2 ms.
TpTrace Verbose: 0 : 5544, 14, 2025/01/09, 00:48:51.042, 1170017219738, vstest.console.dll, TcpClientExtensions.MessageLoopAsync: Polling on remoteEndPoint: 127.0.0.1:53694 localEndPoint: 127.0.0.1:53693 after 6 ms
TpTrace Verbose: 0 : 5544, 5, 2025/01/09, 00:48:51.043, 1170017225550, vstest.console.dll, TestRequestSender.StartTestRun: Sending test run with message: {"Version":7,"MessageType":"TestExecution.StartWithSources","Payload":{"AdapterSourceMap":{"_none_":["C:\\Users\\fokso\\source\\repos\\FunWithUnitTesting\\UnitTestOne\\bin\\Debug\\net8.0\\fine-code-coverage\\build-output\\UnitTestOne.dll"]},"RunSettings":"<RunSettings>\r\n  <RunConfiguration>\r\n    <ResultsDirectory>C:\\Users\\fokso\\source\\repos\\FunWithUnitTesting\\UnitTestOne\\bin\\Debug\\net8.0\\fine-code-coverage\\coverage-tool-output</ResultsDirectory>\r\n    <TargetFrameworkVersion>.NETCoreApp,Version=v8.0</TargetFrameworkVersion>\r\n    <DesignMode>False</DesignMode>\r\n    <CollectSourceInformation>False</CollectSourceInformation>\r\n  </RunConfiguration>\r\n  <LoggerRunSettings>\r\n    <Loggers>\r\n      <Logger friendlyName=\"blame\" enabled=\"True\" />\r\n      <Logger friendlyName=\"Console\" uri=\"logger://microsoft/TestPlatform/ConsoleLogger/v1\" assemblyQualifiedName=\"Microsoft.VisualStudio.TestPlatform.CommandLine.Internal.ConsoleLogger, vstest.console, Version=15.0.0.0, Culture=neutral, PublicKeyToken=b03f5f7f11d50a3a\" codeBase=\"C:\\Program Files\\dotnet\\sdk\\8.0.403\\vstest.console.dll\" enabled=\"True\" />\r\n    </Loggers>\r\n  </LoggerRunSettings>\r\n  <DataCollectionRunSettings>\r\n    <DataCollectors>\r\n      <DataCollector friendlyName=\"blame\" enabled=\"True\">\r\n        <Configuration>\r\n          <ResultsDirectory>C:\\Users\\fokso\\source\\repos\\FunWithUnitTesting\\UnitTestOne\\bin\\Debug\\net8.0\\fine-code-coverage\\coverage-tool-output</ResultsDirectory>\r\n        </Configuration>\r\n      </DataCollector>\r\n    </DataCollectors>\r\n  </DataCollectionRunSettings>\r\n</RunSettings>","TestExecutionContext":{"FrequencyOfRunStatsChangeEvent":10,"RunStatsChangeEventTimeout":"00:00:01.5000000","InIsolation":false,"KeepAlive":false,"AreTestCaseLevelEventsRequired":false,"IsDebug":false,"TestCaseFilter":null,"FilterOptions":null},"Package":null}}
TpTrace Verbose: 0 : 5544, 5, 2025/01/09, 00:48:51.043, 1170017226927, vstest.console.dll, ParallelProxyExecutionManager.StartTestRunOnConcurrentManager: Execution started. Started clients: 1
TpTrace Verbose: 0 : 5544, 14, 2025/01/09, 00:48:51.135, 1170018150230, vstest.console.dll, TcpClientExtensions.MessageLoopAsync: NotifyDataAvailable remoteEndPoint: 127.0.0.1:53694 localEndPoint: 127.0.0.1:53693
TpTrace Verbose: 0 : 5544, 14, 2025/01/09, 00:48:51.135, 1170018151521, vstest.console.dll, TestRequestSender.OnExecutionMessageReceived: Received message: {"Version":7,"MessageType":"TestSession.Message","Payload":{"MessageLevel":0,"Message":"[xUnit.net 00:00:00.00] xUnit.net VSTest Adapter v2.5.3.1+6b60a9e56a (64-bit .NET 8.0.10)"}}
TpTrace Verbose: 0 : 5544, 14, 2025/01/09, 00:48:51.136, 1170018153157, vstest.console.dll, TestRunRequest:SendTestRunMessage: Starting.
TpTrace Verbose: 0 : 5544, 14, 2025/01/09, 00:48:51.136, 1170018153607, vstest.console.dll, MulticastDelegateUtilities.SafeInvoke: TestRun.LogMessages: Invoking callback 1/1 for Microsoft.VisualStudio.TestPlatform.CommandLine.TestRunResultAggregator., took 0 ms.
TpTrace Information: 0 : 5544, 14, 2025/01/09, 00:48:51.136, 1170018153784, vstest.console.dll, TestRunRequest:SendTestRunMessage: Completed.
TpTrace Verbose: 0 : 5544, 4, 2025/01/09, 00:48:51.136, 1170018153886, vstest.console.dll, MulticastDelegateUtilities.SafeInvoke: InternalTestLoggerEvents.SendTestRunMessage: Invoking callback 1/1 for Microsoft.VisualStudio.TestPlatform.CommandLine.Internal.ConsoleLogger., took 0 ms.
TpTrace Verbose: 0 : 5544, 14, 2025/01/09, 00:48:51.136, 1170018153954, vstest.console.dll, MulticastDelegateUtilities.SafeInvoke: LengthPrefixCommunicationChannel: MessageReceived: Invoking callback 1/1 for Microsoft.VisualStudio.TestPlatform.CommunicationUtilities.TestRequestSender+<>c__DisplayClass34_0., took 0 ms.
TpTrace Verbose: 0 : 5544, 14, 2025/01/09, 00:48:51.136, 1170018154744, vstest.console.dll, TcpClientExtensions.MessageLoopAsync: Polling on remoteEndPoint: 127.0.0.1:53694 localEndPoint: 127.0.0.1:53693 after 93 ms
TpTrace Verbose: 0 : 5544, 14, 2025/01/09, 00:48:51.183, 1170018623381, vstest.console.dll, TcpClientExtensions.MessageLoopAsync: NotifyDataAvailable remoteEndPoint: 127.0.0.1:53694 localEndPoint: 127.0.0.1:53693
TpTrace Verbose: 0 : 5544, 14, 2025/01/09, 00:48:51.183, 1170018624668, vstest.console.dll, TestRequestSender.OnExecutionMessageReceived: Received message: {"Version":7,"MessageType":"TestSession.Message","Payload":{"MessageLevel":0,"Message":"[xUnit.net 00:00:00.04]   Discovering: UnitTestOne"}}
TpTrace Verbose: 0 : 5544, 14, 2025/01/09, 00:48:51.183, 1170018625573, vstest.console.dll, TestRunRequest:SendTestRunMessage: Starting.
TpTrace Verbose: 0 : 5544, 14, 2025/01/09, 00:48:51.183, 1170018625998, vstest.console.dll, MulticastDelegateUtilities.SafeInvoke: TestRun.LogMessages: Invoking callback 1/1 for Microsoft.VisualStudio.TestPlatform.CommandLine.TestRunResultAggregator., took 0 ms.
TpTrace Information: 0 : 5544, 14, 2025/01/09, 00:48:51.183, 1170018626177, vstest.console.dll, TestRunRequest:SendTestRunMessage: Completed.
TpTrace Verbose: 0 : 5544, 4, 2025/01/09, 00:48:51.183, 1170018626280, vstest.console.dll, MulticastDelegateUtilities.SafeInvoke: InternalTestLoggerEvents.SendTestRunMessage: Invoking callback 1/1 for Microsoft.VisualStudio.TestPlatform.CommandLine.Internal.ConsoleLogger., took 0 ms.
TpTrace Verbose: 0 : 5544, 14, 2025/01/09, 00:48:51.183, 1170018626354, vstest.console.dll, MulticastDelegateUtilities.SafeInvoke: LengthPrefixCommunicationChannel: MessageReceived: Invoking callback 1/1 for Microsoft.VisualStudio.TestPlatform.CommunicationUtilities.TestRequestSender+<>c__DisplayClass34_0., took 0 ms.
TpTrace Verbose: 0 : 5544, 14, 2025/01/09, 00:48:51.183, 1170018627151, vstest.console.dll, TcpClientExtensions.MessageLoopAsync: Polling on remoteEndPoint: 127.0.0.1:53694 localEndPoint: 127.0.0.1:53693 after 47 ms
TpTrace Verbose: 0 : 5544, 14, 2025/01/09, 00:48:51.216, 1170018961256, vstest.console.dll, TcpClientExtensions.MessageLoopAsync: NotifyDataAvailable remoteEndPoint: 127.0.0.1:53694 localEndPoint: 127.0.0.1:53693
TpTrace Verbose: 0 : 5544, 14, 2025/01/09, 00:48:51.217, 1170018962604, vstest.console.dll, TestRequestSender.OnExecutionMessageReceived: Received message: {"Version":7,"MessageType":"TestSession.Message","Payload":{"MessageLevel":0,"Message":"[xUnit.net 00:00:00.08]   Discovered:  UnitTestOne"}}
TpTrace Verbose: 0 : 5544, 14, 2025/01/09, 00:48:51.217, 1170018963509, vstest.console.dll, TestRunRequest:SendTestRunMessage: Starting.
TpTrace Verbose: 0 : 5544, 14, 2025/01/09, 00:48:51.217, 1170018963982, vstest.console.dll, MulticastDelegateUtilities.SafeInvoke: TestRun.LogMessages: Invoking callback 1/1 for Microsoft.VisualStudio.TestPlatform.CommandLine.TestRunResultAggregator., took 0 ms.
TpTrace Information: 0 : 5544, 14, 2025/01/09, 00:48:51.217, 1170018964161, vstest.console.dll, TestRunRequest:SendTestRunMessage: Completed.
TpTrace Verbose: 0 : 5544, 4, 2025/01/09, 00:48:51.217, 1170018964248, vstest.console.dll, MulticastDelegateUtilities.SafeInvoke: InternalTestLoggerEvents.SendTestRunMessage: Invoking callback 1/1 for Microsoft.VisualStudio.TestPlatform.CommandLine.Internal.ConsoleLogger., took 0 ms.
TpTrace Verbose: 0 : 5544, 14, 2025/01/09, 00:48:51.217, 1170018964332, vstest.console.dll, MulticastDelegateUtilities.SafeInvoke: LengthPrefixCommunicationChannel: MessageReceived: Invoking callback 1/1 for Microsoft.VisualStudio.TestPlatform.CommunicationUtilities.TestRequestSender+<>c__DisplayClass34_0., took 0 ms.
TpTrace Verbose: 0 : 5544, 14, 2025/01/09, 00:48:51.217, 1170018965013, vstest.console.dll, TcpClientExtensions.MessageLoopAsync: Polling on remoteEndPoint: 127.0.0.1:53694 localEndPoint: 127.0.0.1:53693 after 33 ms
TpTrace Verbose: 0 : 5544, 14, 2025/01/09, 00:48:51.218, 1170018974409, vstest.console.dll, TcpClientExtensions.MessageLoopAsync: NotifyDataAvailable remoteEndPoint: 127.0.0.1:53694 localEndPoint: 127.0.0.1:53693
TpTrace Verbose: 0 : 5544, 14, 2025/01/09, 00:48:51.218, 1170018974642, vstest.console.dll, TestRequestSender.OnExecutionMessageReceived: Received message: {"Version":7,"MessageType":"TestSession.Message","Payload":{"MessageLevel":0,"Message":"[xUnit.net 00:00:00.08]   Starting:    UnitTestOne"}}
TpTrace Verbose: 0 : 5544, 14, 2025/01/09, 00:48:51.218, 1170018974869, vstest.console.dll, TestRunRequest:SendTestRunMessage: Starting.
TpTrace Verbose: 0 : 5544, 14, 2025/01/09, 00:48:51.218, 1170018975024, vstest.console.dll, MulticastDelegateUtilities.SafeInvoke: TestRun.LogMessages: Invoking callback 1/1 for Microsoft.VisualStudio.TestPlatform.CommandLine.TestRunResultAggregator., took 0 ms.
TpTrace Verbose: 0 : 5544, 4, 2025/01/09, 00:48:51.218, 1170018975123, vstest.console.dll, MulticastDelegateUtilities.SafeInvoke: InternalTestLoggerEvents.SendTestRunMessage: Invoking callback 1/1 for Microsoft.VisualStudio.TestPlatform.CommandLine.Internal.ConsoleLogger., took 0 ms.
TpTrace Information: 0 : 5544, 14, 2025/01/09, 00:48:51.218, 1170018975158, vstest.console.dll, TestRunRequest:SendTestRunMessage: Completed.
TpTrace Verbose: 0 : 5544, 14, 2025/01/09, 00:48:51.218, 1170018975493, vstest.console.dll, MulticastDelegateUtilities.SafeInvoke: LengthPrefixCommunicationChannel: MessageReceived: Invoking callback 1/1 for Microsoft.VisualStudio.TestPlatform.CommunicationUtilities.TestRequestSender+<>c__DisplayClass34_0., took 0 ms.
TpTrace Verbose: 0 : 5544, 14, 2025/01/09, 00:48:51.218, 1170018975605, vstest.console.dll, TcpClientExtensions.MessageLoopAsync: Polling on remoteEndPoint: 127.0.0.1:53694 localEndPoint: 127.0.0.1:53693 after 1 ms
TpTrace Verbose: 0 : 5544, 14, 2025/01/09, 00:48:51.291, 1170019709780, vstest.console.dll, TcpClientExtensions.MessageLoopAsync: NotifyDataAvailable remoteEndPoint: 127.0.0.1:53694 localEndPoint: 127.0.0.1:53693
TpTrace Verbose: 0 : 5544, 14, 2025/01/09, 00:48:51.292, 1170019712300, vstest.console.dll, TestRequestSender.OnExecutionMessageReceived: Received message: {"Version":7,"MessageType":"TestExecution.StatsChange","Payload":{"NewTestResults":[{"TestCase":{"Id":"797f3256-8eb0-d022-4b1c-d24feef41de5","FullyQualifiedName":"UnitTestOne.UnitTest1.Test1","DisplayName":"UnitTestOne.UnitTest1.Test1","ExecutorUri":"executor://xunit/VsTestRunner2/netcoreapp","Source":"C:\\Users\\fokso\\source\\repos\\FunWithUnitTesting\\UnitTestOne\\bin\\Debug\\net8.0\\fine-code-coverage\\build-output\\UnitTestOne.dll","CodeFilePath":null,"LineNumber":0,"Properties":[]},"Attachments":[],"Outcome":1,"ErrorMessage":null,"ErrorStackTrace":null,"DisplayName":"UnitTestOne.UnitTest1.Test1","Messages":[],"ComputerName":"YAUHEN","Duration":"00:00:00.0021452","StartTime":"2025-01-08T23:48:51.2614537+00:00","EndTime":"2025-01-08T23:48:51.2614629+00:00","Properties":[]},{"TestCase":{"Id":"8a93353e-c1cc-3f96-33f9-c5b16e0b9257","FullyQualifiedName":"UnitTestOne.UserHelperTest.is_user_helper_work_2","DisplayName":"UnitTestOne.UserHelperTest.is_user_helper_work_2","ExecutorUri":"executor://xunit/VsTestRunner2/netcoreapp","Source":"C:\\Users\\fokso\\source\\repos\\FunWithUnitTesting\\UnitTestOne\\bin\\Debug\\net8.0\\fine-code-coverage\\build-output\\UnitTestOne.dll","CodeFilePath":null,"LineNumber":0,"Properties":[]},"Attachments":[],"Outcome":1,"ErrorMessage":null,"ErrorStackTrace":null,"DisplayName":"UnitTestOne.UserHelperTest.is_user_helper_work_2","Messages":[],"ComputerName":"YAUHEN","Duration":"00:00:00.0039517","StartTime":"2025-01-08T23:48:51.2697636+00:00","EndTime":"2025-01-08T23:48:51.2697639+00:00","Properties":[]},{"TestCase":{"Id":"b538a982-cb22-76d8-44fd-9e26ef8f2f78","FullyQualifiedName":"UnitTest1.MyMathTest.add_return_correct_value","DisplayName":"UnitTest1.MyMathTest.add_return_correct_value(valueA: -50, valueB: 500, expectedResult: 450)","ExecutorUri":"executor://xunit/VsTestRunner2/netcoreapp","Source":"C:\\Users\\fokso\\source\\repos\\FunWithUnitTesting\\UnitTestOne\\bin\\Debug\\net8.0\\fine-code-coverage\\build-output\\UnitTestOne.dll","CodeFilePath":null,"LineNumber":0,"Properties":[]},"Attachments":[],"Outcome":1,"ErrorMessage":null,"ErrorStackTrace":null,"DisplayName":"UnitTest1.MyMathTest.add_return_correct_value(valueA: -50, valueB: 500, expectedResult: 450)","Messages":[],"ComputerName":"YAUHEN","Duration":"00:00:00.0052198","StartTime":"2025-01-08T23:48:51.2713579+00:00","EndTime":"2025-01-08T23:48:51.2713581+00:00","Properties":[]},{"TestCase":{"Id":"59996339-6eed-380f-7302-ff79c126bbff","FullyQualifiedName":"UnitTest1.MyMathTest.add_return_correct_value","DisplayName":"UnitTest1.MyMathTest.add_return_correct_value(valueA: 500, valueB: 500, expectedResult: 1000)","ExecutorUri":"executor://xunit/VsTestRunner2/netcoreapp","Source":"C:\\Users\\fokso\\source\\repos\\FunWithUnitTesting\\UnitTestOne\\bin\\Debug\\net8.0\\fine-code-coverage\\build-output\\UnitTestOne.dll","CodeFilePath":null,"LineNumber":0,"Properties":[]},"Attachments":[],"Outcome":1,"ErrorMessage":null,"ErrorStackTrace":null,"DisplayName":"UnitTest1.MyMathTest.add_return_correct_value(valueA: 500, valueB: 500, expectedResult: 1000)","Messages":[],"ComputerName":"YAUHEN","Duration":"00:00:00.0001722","StartTime":"2025-01-08T23:48:51.2727013+00:00","EndTime":"2025-01-08T23:48:51.2727014+00:00","Properties":[]},{"TestCase":{"Id":"7bcbac66-4837-8121-485f-c559396963dd","FullyQualifiedName":"UnitTest1.MyMathTest.add_return_correct_value","DisplayName":"UnitTest1.MyMathTest.add_return_correct_value(valueA: 5, valueB: 5, expectedResult: 10)","ExecutorUri":"executor://xunit/VsTestRunner2/netcoreapp","Source":"C:\\Users\\fokso\\source\\repos\\FunWithUnitTesting\\UnitTestOne\\bin\\Debug\\net8.0\\fine-code-coverage\\build-output\\UnitTestOne.dll","CodeFilePath":null,"LineNumber":0,"Properties":[]},"Attachments":[],"Outcome":1,"ErrorMessage":null,"ErrorStackTrace":null,"DisplayName":"UnitTest1.MyMathTest.add_return_correct_value(valueA: 5, valueB: 5, expectedResult: 10)","Messages":[],"ComputerName":"YAUHEN","Duration":"00:00:00.0000034","StartTime":"2025-01-08T23:48:51.2739741+00:00","EndTime":"2025-01-08T23:48:51.2739742+00:00","Properties":[]},{"TestCase":{"Id":"d84b9010-8788-b5c4-2c36-1a5d608f1890","FullyQualifiedName":"UnitTest1.MyMathTest.add_return_correct_value","DisplayName":"UnitTest1.MyMathTest.add_return_correct_value(valueA: 600, valueB: 200, expectedResult: 800)","ExecutorUri":"executor://xunit/VsTestRunner2/netcoreapp","Source":"C:\\Users\\fokso\\source\\repos\\FunWithUnitTesting\\UnitTestOne\\bin\\Debug\\net8.0\\fine-code-coverage\\build-output\\UnitTestOne.dll","CodeFilePath":null,"LineNumber":0,"Properties":[]},"Attachments":[],"Outcome":1,"ErrorMessage":null,"ErrorStackTrace":null,"DisplayName":"UnitTest1.MyMathTest.add_return_correct_value(valueA: 600, valueB: 200, expectedResult: 800)","Messages":[],"ComputerName":"YAUHEN","Duration":"00:00:00.0000009","StartTime":"2025-01-08T23:48:51.2753893+00:00","EndTime":"2025-01-08T23:48:51.2753895+00:00","Properties":[]}],"TestRunStatistics":{"ExecutedTests":6,"Stats":{"Passed":6}},"ActiveTests":[{"Id":"2aa8f888-fe56-0cba-bc96-aeb542a61cc8","FullyQualifiedName":"UnitTestOne.TestRaporterTest.raport_for_failed_test","DisplayName":"UnitTestOne.TestRaporterTest.raport_for_failed_test","ExecutorUri":"executor://xunit/VsTestRunner2/netcoreapp","Source":"C:\\Users\\fokso\\source\\repos\\FunWithUnitTesting\\UnitTestOne\\bin\\Debug\\net8.0\\fine-code-coverage\\build-output\\UnitTestOne.dll","CodeFilePath":null,"LineNumber":0,"Properties":[]},{"Id":"b5e7188f-cce0-e7f9-df4a-4c80aecd332a","FullyQualifiedName":"UnitTestOne.StringServiveTest.string_upper_return_correct_value","DisplayName":"UnitTestOne.StringServiveTest.string_upper_return_correct_value(str: \"beb\", expectedResult: \"BEB-----------------\")","ExecutorUri":"executor://xunit/VsTestRunner2/netcoreapp","Source":"C:\\Users\\fokso\\source\\repos\\FunWithUnitTesting\\UnitTestOne\\bin\\Debug\\net8.0\\fine-code-coverage\\build-output\\UnitTestOne.dll","CodeFilePath":null,"LineNumber":0,"Properties":[]},{"Id":"2885dc1d-d012-7b80-b087-c41a828e7eea","FullyQualifiedName":"UnitTestOne.UserServiceTester.RegistrationTest_return_incorrect_password_error_length","DisplayName":"UnitTestOne.UserServiceTester.RegistrationTest_return_incorrect_password_error_length","ExecutorUri":"executor://xunit/VsTestRunner2/netcoreapp","Source":"C:\\Users\\fokso\\source\\repos\\FunWithUnitTesting\\UnitTestOne\\bin\\Debug\\net8.0\\fine-code-coverage\\build-output\\UnitTestOne.dll","CodeFilePath":null,"LineNumber":0,"Properties":[]},{"Id":"7fcbda32-8215-2307-8b3b-3f4993f07057","FullyQualifiedName":"UnitTest1.MyMathTest.add_return_correct_value","DisplayName":"UnitTest1.MyMathTest.add_return_correct_value(valueA: 1, valueB: 2, expectedResult: 3)","ExecutorUri":"executor://xunit/VsTestRunner2/netcoreapp","Source":"C:\\Users\\fokso\\source\\repos\\FunWithUnitTesting\\UnitTestOne\\bin\\Debug\\net8.0\\fine-code-coverage\\build-output\\UnitTestOne.dll","CodeFilePath":null,"LineNumber":0,"Properties":[]}]}}
TpTrace Verbose: 0 : 5544, 14, 2025/01/09, 00:48:51.305, 1170019842115, vstest.console.dll, TestRunRequest:SendTestRunStatsChange: Starting.
TpTrace Verbose: 0 : 5544, 14, 2025/01/09, 00:48:51.305, 1170019843295, vstest.console.dll, InProgress is UnitTestOne.TestRaporterTest.raport_for_failed_test
TpTrace Verbose: 0 : 5544, 14, 2025/01/09, 00:48:51.305, 1170019843455, vstest.console.dll, InProgress is UnitTestOne.StringServiveTest.string_upper_return_correct_value(str: "beb", expectedResult: "BEB-----------------")
TpTrace Verbose: 0 : 5544, 14, 2025/01/09, 00:48:51.305, 1170019843648, vstest.console.dll, InProgress is UnitTestOne.UserServiceTester.RegistrationTest_return_incorrect_password_error_length
TpTrace Verbose: 0 : 5544, 14, 2025/01/09, 00:48:51.305, 1170019843776, vstest.console.dll, InProgress is UnitTest1.MyMathTest.add_return_correct_value(valueA: 1, valueB: 2, expectedResult: 3)
TpTrace Verbose: 0 : 5544, 14, 2025/01/09, 00:48:51.305, 1170019845058, vstest.console.dll, MulticastDelegateUtilities.SafeInvoke: TestRun.RunStatsChanged: Invoking callbacks was skipped because there are no subscribers.
TpTrace Information: 0 : 5544, 14, 2025/01/09, 00:48:51.305, 1170019845260, vstest.console.dll, TestRunRequest:SendTestRunStatsChange: Completed.
TpTrace Verbose: 0 : 5544, 14, 2025/01/09, 00:48:51.305, 1170019845417, vstest.console.dll, MulticastDelegateUtilities.SafeInvoke: LengthPrefixCommunicationChannel: MessageReceived: Invoking callback 1/1 for Microsoft.VisualStudio.TestPlatform.CommunicationUtilities.TestRequestSender+<>c__DisplayClass34_0., took 13 ms.
TpTrace Verbose: 0 : 5544, 14, 2025/01/09, 00:48:51.305, 1170019845646, vstest.console.dll, TcpClientExtensions.MessageLoopAsync: Polling on remoteEndPoint: 127.0.0.1:53694 localEndPoint: 127.0.0.1:53693 after 86 ms
TpTrace Verbose: 0 : 5544, 14, 2025/01/09, 00:48:51.305, 1170019845916, vstest.console.dll, TcpClientExtensions.MessageLoopAsync: NotifyDataAvailable remoteEndPoint: 127.0.0.1:53694 localEndPoint: 127.0.0.1:53693
TpTrace Verbose: 0 : 5544, 14, 2025/01/09, 00:48:51.305, 1170019847191, vstest.console.dll, TestRequestSender.OnExecutionMessageReceived: Received message: {"Version":7,"MessageType":"TestExecution.StatsChange","Payload":{"NewTestResults":[{"TestCase":{"Id":"7fcbda32-8215-2307-8b3b-3f4993f07057","FullyQualifiedName":"UnitTest1.MyMathTest.add_return_correct_value","DisplayName":"UnitTest1.MyMathTest.add_return_correct_value(valueA: 1, valueB: 2, expectedResult: 3)","ExecutorUri":"executor://xunit/VsTestRunner2/netcoreapp","Source":"C:\\Users\\fokso\\source\\repos\\FunWithUnitTesting\\UnitTestOne\\bin\\Debug\\net8.0\\fine-code-coverage\\build-output\\UnitTestOne.dll","CodeFilePath":null,"LineNumber":0,"Properties":[]},"Attachments":[],"Outcome":1,"ErrorMessage":null,"ErrorStackTrace":null,"DisplayName":"UnitTest1.MyMathTest.add_return_correct_value(valueA: 1, valueB: 2, expectedResult: 3)","Messages":[],"ComputerName":"YAUHEN","Duration":"00:00:00.0000006","StartTime":"2025-01-08T23:48:51.2927404+00:00","EndTime":"2025-01-08T23:48:51.2927405+00:00","Properties":[]},{"TestCase":{"Id":"2bbdca12-6895-b537-7947-7fc84cef1619","FullyQualifiedName":"UnitTest1.MyMathTest.sub_return_correct_value","DisplayName":"UnitTest1.MyMathTest.sub_return_correct_value(valueA: 123, valueB: 23, expectedResult: 100)","ExecutorUri":"executor://xunit/VsTestRunner2/netcoreapp","Source":"C:\\Users\\fokso\\source\\repos\\FunWithUnitTesting\\UnitTestOne\\bin\\Debug\\net8.0\\fine-code-coverage\\build-output\\UnitTestOne.dll","CodeFilePath":null,"LineNumber":0,"Properties":[]},"Attachments":[],"Outcome":1,"ErrorMessage":null,"ErrorStackTrace":null,"DisplayName":"UnitTest1.MyMathTest.sub_return_correct_value(valueA: 123, valueB: 23, expectedResult: 100)","Messages":[],"ComputerName":"YAUHEN","Duration":"00:00:00.0000805","StartTime":"2025-01-08T23:48:51.2944514+00:00","EndTime":"2025-01-08T23:48:51.2944516+00:00","Properties":[]},{"TestCase":{"Id":"b5e7188f-cce0-e7f9-df4a-4c80aecd332a","FullyQualifiedName":"UnitTestOne.StringServiveTest.string_upper_return_correct_value","DisplayName":"UnitTestOne.StringServiveTest.string_upper_return_correct_value(str: \"beb\", expectedResult: \"BEB-----------------\")","ExecutorUri":"executor://xunit/VsTestRunner2/netcoreapp","Source":"C:\\Users\\fokso\\source\\repos\\FunWithUnitTesting\\UnitTestOne\\bin\\Debug\\net8.0\\fine-code-coverage\\build-output\\UnitTestOne.dll","CodeFilePath":null,"LineNumber":0,"Properties":[]},"Attachments":[],"Outcome":1,"ErrorMessage":null,"ErrorStackTrace":null,"DisplayName":"UnitTestOne.StringServiveTest.string_upper_return_correct_value(str: \"beb\", expectedResult: \"BEB-----------------\")","Messages":[],"ComputerName":"YAUHEN","Duration":"00:00:00.0059181","StartTime":"2025-01-08T23:48:51.2957362+00:00","EndTime":"2025-01-08T23:48:51.2957363+00:00","Properties":[]},{"TestCase":{"Id":"c2b83d16-91ff-9d56-f9a2-c8d41af10856","FullyQualifiedName":"UnitTestOne.StringServiveTest.enum_color_return_correct_value","DisplayName":"UnitTestOne.StringServiveTest.enum_color_return_correct_value(colors: Black, expectedResult: \"Czarny\")","ExecutorUri":"executor://xunit/VsTestRunner2/netcoreapp","Source":"C:\\Users\\fokso\\source\\repos\\FunWithUnitTesting\\UnitTestOne\\bin\\Debug\\net8.0\\fine-code-coverage\\build-output\\UnitTestOne.dll","CodeFilePath":null,"LineNumber":0,"Properties":[]},"Attachments":[],"Outcome":1,"ErrorMessage":null,"ErrorStackTrace":null,"DisplayName":"UnitTestOne.StringServiveTest.enum_color_return_correct_value(colors: Black, expectedResult: \"Czarny\")","Messages":[],"ComputerName":"YAUHEN","Duration":"00:00:00.0001196","StartTime":"2025-01-08T23:48:51.2968132+00:00","EndTime":"2025-01-08T23:48:51.2968133+00:00","Properties":[]},{"TestCase":{"Id":"dd401902-9ee9-ec6c-1559-a2ad663ea1e5","FullyQualifiedName":"UnitTestOne.StringServiveTest.enum_color_return_correct_value","DisplayName":"UnitTestOne.StringServiveTest.enum_color_return_correct_value(colors: None, expectedResult: \"\")","ExecutorUri":"executor://xunit/VsTestRunner2/netcoreapp","Source":"C:\\Users\\fokso\\source\\repos\\FunWithUnitTesting\\UnitTestOne\\bin\\Debug\\net8.0\\fine-code-coverage\\build-output\\UnitTestOne.dll","CodeFilePath":null,"LineNumber":0,"Properties":[]},"Attachments":[],"Outcome":1,"ErrorMessage":null,"ErrorStackTrace":null,"DisplayName":"UnitTestOne.StringServiveTest.enum_color_return_correct_value(colors: None, expectedResult: \"\")","Messages":[],"ComputerName":"YAUHEN","Duration":"00:00:00.0001009","StartTime":"2025-01-08T23:48:51.2977226+00:00","EndTime":"2025-01-08T23:48:51.2977227+00:00","Properties":[]},{"TestCase":{"Id":"f1eda49e-4815-a75b-e941-e30e47c2ef87","FullyQualifiedName":"UnitTestOne.StringServiveTest.enum_color_return_correct_value","DisplayName":"UnitTestOne.StringServiveTest.enum_color_return_correct_value(colors: Green, expectedResult: \"Zielony\")","ExecutorUri":"executor://xunit/VsTestRunner2/netcoreapp","Source":"C:\\Users\\fokso\\source\\repos\\FunWithUnitTesting\\UnitTestOne\\bin\\Debug\\net8.0\\fine-code-coverage\\build-output\\UnitTestOne.dll","CodeFilePath":null,"LineNumber":0,"Properties":[]},"Attachments":[],"Outcome":1,"ErrorMessage":null,"ErrorStackTrace":null,"DisplayName":"UnitTestOne.StringServiveTest.enum_color_return_correct_value(colors: Green, expectedResult: \"Zielony\")","Messages":[],"ComputerName":"YAUHEN","Duration":"00:00:00.0000027","StartTime":"2025-01-08T23:48:51.2987882+00:00","EndTime":"2025-01-08T23:48:51.2987883+00:00","Properties":[]},{"TestCase":{"Id":"33e708af-fb44-6561-b5df-93069980367b","FullyQualifiedName":"UnitTestOne.StringServiveTest.enum_color_return_correct_value","DisplayName":"UnitTestOne.StringServiveTest.enum_color_return_correct_value(colors: Red, expectedResult: \"Czerwony\")","ExecutorUri":"executor://xunit/VsTestRunner2/netcoreapp","Source":"C:\\Users\\fokso\\source\\repos\\FunWithUnitTesting\\UnitTestOne\\bin\\Debug\\net8.0\\fine-code-coverage\\build-output\\UnitTestOne.dll","CodeFilePath":null,"LineNumber":0,"Properties":[]},"Attachments":[],"Outcome":1,"ErrorMessage":null,"ErrorStackTrace":null,"DisplayName":"UnitTestOne.StringServiveTest.enum_color_return_correct_value(colors: Red, expectedResult: \"Czerwony\")","Messages":[],"ComputerName":"YAUHEN","Duration":"00:00:00.0000006","StartTime":"2025-01-08T23:48:51.3000819+00:00","EndTime":"2025-01-08T23:48:51.300082+00:00","Properties":[]},{"TestCase":{"Id":"d6ad76df-9183-6e82-c585-16d30baff142","FullyQualifiedName":"UnitTestOne.StringServiveTest.enum_color_return_correct_value","DisplayName":"UnitTestOne.StringServiveTest.enum_color_return_correct_value(colors: 8, expectedResult: \"nie wiem\")","ExecutorUri":"executor://xunit/VsTestRunner2/netcoreapp","Source":"C:\\Users\\fokso\\source\\repos\\FunWithUnitTesting\\UnitTestOne\\bin\\Debug\\net8.0\\fine-code-coverage\\build-output\\UnitTestOne.dll","CodeFilePath":null,"LineNumber":0,"Properties":[]},"Attachments":[],"Outcome":1,"ErrorMessage":null,"ErrorStackTrace":null,"DisplayName":"UnitTestOne.StringServiveTest.enum_color_return_correct_value(colors: 8, expectedResult: \"nie wiem\")","Messages":[],"ComputerName":"YAUHEN","Duration":"00:00:00.0000006","StartTime":"2025-01-08T23:48:51.3015308+00:00","EndTime":"2025-01-08T23:48:51.3015309+00:00","Properties":[]}],"TestRunStatistics":{"ExecutedTests":14,"Stats":{"Passed":14}},"ActiveTests":[{"Id":"b6c72369-edfe-9101-7f67-d2f2f6f8ae55","FullyQualifiedName":"UnitTest1.MyMathTest.mul_return_correct_value","DisplayName":"UnitTest1.MyMathTest.mul_return_correct_value(valueA: 2, valueB: 4, expectedResult: 8)","ExecutorUri":"executor://xunit/VsTestRunner2/netcoreapp","Source":"C:\\Users\\fokso\\source\\repos\\FunWithUnitTesting\\UnitTestOne\\bin\\Debug\\net8.0\\fine-code-coverage\\build-output\\UnitTestOne.dll","CodeFilePath":null,"LineNumber":0,"Properties":[]},{"Id":"410d307a-f9f1-fe57-1461-a80cd3c1e602","FullyQualifiedName":"UnitTestOne.StringServiveTest.enum_color_return_correct_value","DisplayName":"UnitTestOne.StringServiveTest.enum_color_return_correct_value(colors: Yellow, expectedResult: \"Zolty\")","ExecutorUri":"executor://xunit/VsTestRunner2/netcoreapp","Source":"C:\\Users\\fokso\\source\\repos\\FunWithUnitTesting\\UnitTestOne\\bin\\Debug\\net8.0\\fine-code-coverage\\build-output\\UnitTestOne.dll","CodeFilePath":null,"LineNumber":0,"Properties":[]}]}}
TpTrace Verbose: 0 : 5544, 14, 2025/01/09, 00:48:51.306, 1170019854129, vstest.console.dll, TestRunRequest:SendTestRunStatsChange: Starting.
TpTrace Verbose: 0 : 5544, 14, 2025/01/09, 00:48:51.306, 1170019854666, vstest.console.dll, InProgress is UnitTest1.MyMathTest.mul_return_correct_value(valueA: 2, valueB: 4, expectedResult: 8)
TpTrace Verbose: 0 : 5544, 14, 2025/01/09, 00:48:51.306, 1170019854856, vstest.console.dll, InProgress is UnitTestOne.StringServiveTest.enum_color_return_correct_value(colors: Yellow, expectedResult: "Zolty")
TpTrace Verbose: 0 : 5544, 14, 2025/01/09, 00:48:51.306, 1170019855167, vstest.console.dll, MulticastDelegateUtilities.SafeInvoke: TestRun.RunStatsChanged: Invoking callbacks was skipped because there are no subscribers.
TpTrace Information: 0 : 5544, 14, 2025/01/09, 00:48:51.306, 1170019855299, vstest.console.dll, TestRunRequest:SendTestRunStatsChange: Completed.
TpTrace Verbose: 0 : 5544, 14, 2025/01/09, 00:48:51.306, 1170019855435, vstest.console.dll, MulticastDelegateUtilities.SafeInvoke: LengthPrefixCommunicationChannel: MessageReceived: Invoking callback 1/1 for Microsoft.VisualStudio.TestPlatform.CommunicationUtilities.TestRequestSender+<>c__DisplayClass34_0., took 0 ms.
TpTrace Verbose: 0 : 5544, 14, 2025/01/09, 00:48:51.306, 1170019855612, vstest.console.dll, TcpClientExtensions.MessageLoopAsync: Polling on remoteEndPoint: 127.0.0.1:53694 localEndPoint: 127.0.0.1:53693 after 0 ms
TpTrace Verbose: 0 : 5544, 4, 2025/01/09, 00:48:51.307, 1170019863371, vstest.console.dll, MulticastDelegateUtilities.SafeInvoke: InternalTestLoggerEvents.SendTestResult: Invoking callback 1/1 for Microsoft.VisualStudio.TestPlatform.CommandLine.Internal.ConsoleLogger., took 1 ms.
TpTrace Verbose: 0 : 5544, 4, 2025/01/09, 00:48:51.307, 1170019866056, vstest.console.dll, MulticastDelegateUtilities.SafeInvoke: InternalTestLoggerEvents.SendTestResult: Invoking callback 1/1 for Microsoft.VisualStudio.TestPlatform.CommandLine.Internal.ConsoleLogger., took 0 ms.
TpTrace Verbose: 0 : 5544, 4, 2025/01/09, 00:48:51.307, 1170019866524, vstest.console.dll, MulticastDelegateUtilities.SafeInvoke: InternalTestLoggerEvents.SendTestResult: Invoking callback 1/1 for Microsoft.VisualStudio.TestPlatform.CommandLine.Internal.ConsoleLogger., took 0 ms.
TpTrace Verbose: 0 : 5544, 4, 2025/01/09, 00:48:51.307, 1170019866717, vstest.console.dll, MulticastDelegateUtilities.SafeInvoke: InternalTestLoggerEvents.SendTestResult: Invoking callback 1/1 for Microsoft.VisualStudio.TestPlatform.CommandLine.Internal.ConsoleLogger., took 0 ms.
TpTrace Verbose: 0 : 5544, 4, 2025/01/09, 00:48:51.307, 1170019867020, vstest.console.dll, MulticastDelegateUtilities.SafeInvoke: InternalTestLoggerEvents.SendTestResult: Invoking callback 1/1 for Microsoft.VisualStudio.TestPlatform.CommandLine.Internal.ConsoleLogger., took 0 ms.
TpTrace Verbose: 0 : 5544, 4, 2025/01/09, 00:48:51.307, 1170019867230, vstest.console.dll, MulticastDelegateUtilities.SafeInvoke: InternalTestLoggerEvents.SendTestResult: Invoking callback 1/1 for Microsoft.VisualStudio.TestPlatform.CommandLine.Internal.ConsoleLogger., took 0 ms.
TpTrace Verbose: 0 : 5544, 4, 2025/01/09, 00:48:51.307, 1170019867374, vstest.console.dll, MulticastDelegateUtilities.SafeInvoke: InternalTestLoggerEvents.SendTestResult: Invoking callback 1/1 for Microsoft.VisualStudio.TestPlatform.CommandLine.Internal.ConsoleLogger., took 0 ms.
TpTrace Verbose: 0 : 5544, 4, 2025/01/09, 00:48:51.307, 1170019867647, vstest.console.dll, MulticastDelegateUtilities.SafeInvoke: InternalTestLoggerEvents.SendTestResult: Invoking callback 1/1 for Microsoft.VisualStudio.TestPlatform.CommandLine.Internal.ConsoleLogger., took 0 ms.
TpTrace Verbose: 0 : 5544, 4, 2025/01/09, 00:48:51.307, 1170019867886, vstest.console.dll, MulticastDelegateUtilities.SafeInvoke: InternalTestLoggerEvents.SendTestResult: Invoking callback 1/1 for Microsoft.VisualStudio.TestPlatform.CommandLine.Internal.ConsoleLogger., took 0 ms.
TpTrace Verbose: 0 : 5544, 4, 2025/01/09, 00:48:51.307, 1170019868118, vstest.console.dll, MulticastDelegateUtilities.SafeInvoke: InternalTestLoggerEvents.SendTestResult: Invoking callback 1/1 for Microsoft.VisualStudio.TestPlatform.CommandLine.Internal.ConsoleLogger., took 0 ms.
TpTrace Verbose: 0 : 5544, 4, 2025/01/09, 00:48:51.307, 1170019868425, vstest.console.dll, MulticastDelegateUtilities.SafeInvoke: InternalTestLoggerEvents.SendTestResult: Invoking callback 1/1 for Microsoft.VisualStudio.TestPlatform.CommandLine.Internal.ConsoleLogger., took 0 ms.
TpTrace Verbose: 0 : 5544, 4, 2025/01/09, 00:48:51.307, 1170019868772, vstest.console.dll, MulticastDelegateUtilities.SafeInvoke: InternalTestLoggerEvents.SendTestResult: Invoking callback 1/1 for Microsoft.VisualStudio.TestPlatform.CommandLine.Internal.ConsoleLogger., took 0 ms.
TpTrace Verbose: 0 : 5544, 4, 2025/01/09, 00:48:51.307, 1170019868951, vstest.console.dll, MulticastDelegateUtilities.SafeInvoke: InternalTestLoggerEvents.SendTestResult: Invoking callback 1/1 for Microsoft.VisualStudio.TestPlatform.CommandLine.Internal.ConsoleLogger., took 0 ms.
TpTrace Verbose: 0 : 5544, 4, 2025/01/09, 00:48:51.307, 1170019869101, vstest.console.dll, MulticastDelegateUtilities.SafeInvoke: InternalTestLoggerEvents.SendTestResult: Invoking callback 1/1 for Microsoft.VisualStudio.TestPlatform.CommandLine.Internal.ConsoleLogger., took 0 ms.
TpTrace Verbose: 0 : 5544, 14, 2025/01/09, 00:48:51.317, 1170019969343, vstest.console.dll, TcpClientExtensions.MessageLoopAsync: NotifyDataAvailable remoteEndPoint: 127.0.0.1:53694 localEndPoint: 127.0.0.1:53693
TpTrace Verbose: 0 : 5544, 14, 2025/01/09, 00:48:51.317, 1170019971517, vstest.console.dll, TestRequestSender.OnExecutionMessageReceived: Received message: {"Version":7,"MessageType":"TestExecution.StatsChange","Payload":{"NewTestResults":[{"TestCase":{"Id":"410d307a-f9f1-fe57-1461-a80cd3c1e602","FullyQualifiedName":"UnitTestOne.StringServiveTest.enum_color_return_correct_value","DisplayName":"UnitTestOne.StringServiveTest.enum_color_return_correct_value(colors: Yellow, expectedResult: \"Zolty\")","ExecutorUri":"executor://xunit/VsTestRunner2/netcoreapp","Source":"C:\\Users\\fokso\\source\\repos\\FunWithUnitTesting\\UnitTestOne\\bin\\Debug\\net8.0\\fine-code-coverage\\build-output\\UnitTestOne.dll","CodeFilePath":null,"LineNumber":0,"Properties":[]},"Attachments":[],"Outcome":1,"ErrorMessage":null,"ErrorStackTrace":null,"DisplayName":"UnitTestOne.StringServiveTest.enum_color_return_correct_value(colors: Yellow, expectedResult: \"Zolty\")","Messages":[],"ComputerName":"YAUHEN","Duration":"00:00:00.0000006","StartTime":"2025-01-08T23:48:51.3041622+00:00","EndTime":"2025-01-08T23:48:51.3041624+00:00","Properties":[]},{"TestCase":{"Id":"4a2fa99d-6566-29c4-2ea0-6cc479edb1af","FullyQualifiedName":"UnitTestOne.StringServiveTest.string_length_retutn_correct_value","DisplayName":"UnitTestOne.StringServiveTest.string_length_retutn_correct_value(str: \"asd\", expectedResult: 3)","ExecutorUri":"executor://xunit/VsTestRunner2/netcoreapp","Source":"C:\\Users\\fokso\\source\\repos\\FunWithUnitTesting\\UnitTestOne\\bin\\Debug\\net8.0\\fine-code-coverage\\build-output\\UnitTestOne.dll","CodeFilePath":null,"LineNumber":0,"Properties":[]},"Attachments":[],"Outcome":1,"ErrorMessage":null,"ErrorStackTrace":null,"DisplayName":"UnitTestOne.StringServiveTest.string_length_retutn_correct_value(str: \"asd\", expectedResult: 3)","Messages":[],"ComputerName":"YAUHEN","Duration":"00:00:00.0000935","StartTime":"2025-01-08T23:48:51.3108211+00:00","EndTime":"2025-01-08T23:48:51.3108213+00:00","Properties":[]},{"TestCase":{"Id":"00ca12d9-2fcd-87c4-3faf-90902ff0a5f2","FullyQualifiedName":"UnitTestOne.StringServiveTest.string_length_retutn_correct_value","DisplayName":"UnitTestOne.StringServiveTest.string_length_retutn_correct_value(str: \"qwerty\", expectedResult: 6)","ExecutorUri":"executor://xunit/VsTestRunner2/netcoreapp","Source":"C:\\Users\\fokso\\source\\repos\\FunWithUnitTesting\\UnitTestOne\\bin\\Debug\\net8.0\\fine-code-coverage\\build-output\\UnitTestOne.dll","CodeFilePath":null,"LineNumber":0,"Properties":[]},"Attachments":[],"Outcome":1,"ErrorMessage":null,"ErrorStackTrace":null,"DisplayName":"UnitTestOne.StringServiveTest.string_length_retutn_correct_value(str: \"qwerty\", expectedResult: 6)","Messages":[],"ComputerName":"YAUHEN","Duration":"00:00:00.0000950","StartTime":"2025-01-08T23:48:51.3120769+00:00","EndTime":"2025-01-08T23:48:51.312077+00:00","Properties":[]},{"TestCase":{"Id":"b6c72369-edfe-9101-7f67-d2f2f6f8ae55","FullyQualifiedName":"UnitTest1.MyMathTest.mul_return_correct_value","DisplayName":"UnitTest1.MyMathTest.mul_return_correct_value(valueA: 2, valueB: 4, expectedResult: 8)","ExecutorUri":"executor://xunit/VsTestRunner2/netcoreapp","Source":"C:\\Users\\fokso\\source\\repos\\FunWithUnitTesting\\UnitTestOne\\bin\\Debug\\net8.0\\fine-code-coverage\\build-output\\UnitTestOne.dll","CodeFilePath":null,"LineNumber":0,"Properties":[]},"Attachments":[],"Outcome":1,"ErrorMessage":null,"ErrorStackTrace":null,"DisplayName":"UnitTest1.MyMathTest.mul_return_correct_value(valueA: 2, valueB: 4, expectedResult: 8)","Messages":[],"ComputerName":"YAUHEN","Duration":"00:00:00.0010351","StartTime":"2025-01-08T23:48:51.3127799+00:00","EndTime":"2025-01-08T23:48:51.3127799+00:00","Properties":[]},{"TestCase":{"Id":"ec11c3b4-91ad-f80b-b4dd-1f652539897e","FullyQualifiedName":"UnitTest1.MyMathTest.div_return_correct_value","DisplayName":"UnitTest1.MyMathTest.div_return_correct_value(valueA: 14, valueB: 2, expectedResult: 7)","ExecutorUri":"executor://xunit/VsTestRunner2/netcoreapp","Source":"C:\\Users\\fokso\\source\\repos\\FunWithUnitTesting\\UnitTestOne\\bin\\Debug\\net8.0\\fine-code-coverage\\build-output\\UnitTestOne.dll","CodeFilePath":null,"LineNumber":0,"Properties":[]},"Attachments":[],"Outcome":1,"ErrorMessage":null,"ErrorStackTrace":null,"DisplayName":"UnitTest1.MyMathTest.div_return_correct_value(valueA: 14, valueB: 2, expectedResult: 7)","Messages":[],"ComputerName":"YAUHEN","Duration":"00:00:00.0001129","StartTime":"2025-01-08T23:48:51.3138356+00:00","EndTime":"2025-01-08T23:48:51.3138357+00:00","Properties":[]},{"TestCase":{"Id":"2885dc1d-d012-7b80-b087-c41a828e7eea","FullyQualifiedName":"UnitTestOne.UserServiceTester.RegistrationTest_return_incorrect_password_error_length","DisplayName":"UnitTestOne.UserServiceTester.RegistrationTest_return_incorrect_password_error_length","ExecutorUri":"executor://xunit/VsTestRunner2/netcoreapp","Source":"C:\\Users\\fokso\\source\\repos\\FunWithUnitTesting\\UnitTestOne\\bin\\Debug\\net8.0\\fine-code-coverage\\build-output\\UnitTestOne.dll","CodeFilePath":null,"LineNumber":0,"Properties":[]},"Attachments":[],"Outcome":1,"ErrorMessage":null,"ErrorStackTrace":null,"DisplayName":"UnitTestOne.UserServiceTester.RegistrationTest_return_incorrect_password_error_length","Messages":[],"ComputerName":"YAUHEN","Duration":"00:00:00.0362144","StartTime":"2025-01-08T23:48:51.3143655+00:00","EndTime":"2025-01-08T23:48:51.3143655+00:00","Properties":[]},{"TestCase":{"Id":"82e1aa30-aaf7-a4ef-fb44-7e2a845a59b8","FullyQualifiedName":"UnitTestOne.UserServiceTester.RegistrationTest_return_null_user_error","DisplayName":"UnitTestOne.UserServiceTester.RegistrationTest_return_null_user_error","ExecutorUri":"executor://xunit/VsTestRunner2/netcoreapp","Source":"C:\\Users\\fokso\\source\\repos\\FunWithUnitTesting\\UnitTestOne\\bin\\Debug\\net8.0\\fine-code-coverage\\build-output\\UnitTestOne.dll","CodeFilePath":null,"LineNumber":0,"Properties":[]},"Attachments":[],"Outcome":1,"ErrorMessage":null,"ErrorStackTrace":null,"DisplayName":"UnitTestOne.UserServiceTester.RegistrationTest_return_null_user_error","Messages":[],"ComputerName":"YAUHEN","Duration":"00:00:00.0004536","StartTime":"2025-01-08T23:48:51.3154143+00:00","EndTime":"2025-01-08T23:48:51.3154143+00:00","Properties":[]},{"TestCase":{"Id":"2aa8f888-fe56-0cba-bc96-aeb542a61cc8","FullyQualifiedName":"UnitTestOne.TestRaporterTest.raport_for_failed_test","DisplayName":"UnitTestOne.TestRaporterTest.raport_for_failed_test","ExecutorUri":"executor://xunit/VsTestRunner2/netcoreapp","Source":"C:\\Users\\fokso\\source\\repos\\FunWithUnitTesting\\UnitTestOne\\bin\\Debug\\net8.0\\fine-code-coverage\\build-output\\UnitTestOne.dll","CodeFilePath":null,"LineNumber":0,"Properties":[]},"Attachments":[],"Outcome":1,"ErrorMessage":null,"ErrorStackTrace":null,"DisplayName":"UnitTestOne.TestRaporterTest.raport_for_failed_test","Messages":[],"ComputerName":"YAUHEN","Duration":"00:00:00.0456806","StartTime":"2025-01-08T23:48:51.3167437+00:00","EndTime":"2025-01-08T23:48:51.3167437+00:00","Properties":[]}],"TestRunStatistics":{"ExecutedTests":22,"Stats":{"Passed":22}},"ActiveTests":[{"Id":"75ec596b-6346-fb88-2b7e-f59accae530b","FullyQualifiedName":"UnitTestOne.UserServiceTester.RegistrationTest_return_ok","DisplayName":"UnitTestOne.UserServiceTester.RegistrationTest_return_ok","ExecutorUri":"executor://xunit/VsTestRunner2/netcoreapp","Source":"C:\\Users\\fokso\\source\\repos\\FunWithUnitTesting\\UnitTestOne\\bin\\Debug\\net8.0\\fine-code-coverage\\build-output\\UnitTestOne.dll","CodeFilePath":null,"LineNumber":0,"Properties":[]},{"Id":"166a4eb4-c779-6f08-58d3-8f6fee2a5fd3","FullyQualifiedName":"UnitTestOne.TestRaporterTest.raport_for_failed_test_mail","DisplayName":"UnitTestOne.TestRaporterTest.raport_for_failed_test_mail","ExecutorUri":"executor://xunit/VsTestRunner2/netcoreapp","Source":"C:\\Users\\fokso\\source\\repos\\FunWithUnitTesting\\UnitTestOne\\bin\\Debug\\net8.0\\fine-code-coverage\\build-output\\UnitTestOne.dll","CodeFilePath":null,"LineNumber":0,"Properties":[]}]}}
TpTrace Verbose: 0 : 5544, 14, 2025/01/09, 00:48:51.318, 1170019976575, vstest.console.dll, TestRunRequest:SendTestRunStatsChange: Starting.
TpTrace Verbose: 0 : 5544, 14, 2025/01/09, 00:48:51.318, 1170019976859, vstest.console.dll, InProgress is UnitTestOne.UserServiceTester.RegistrationTest_return_ok
TpTrace Verbose: 0 : 5544, 14, 2025/01/09, 00:48:51.318, 1170019976980, vstest.console.dll, InProgress is UnitTestOne.TestRaporterTest.raport_for_failed_test_mail
TpTrace Verbose: 0 : 5544, 14, 2025/01/09, 00:48:51.318, 1170019977256, vstest.console.dll, MulticastDelegateUtilities.SafeInvoke: TestRun.RunStatsChanged: Invoking callbacks was skipped because there are no subscribers.
TpTrace Information: 0 : 5544, 14, 2025/01/09, 00:48:51.318, 1170019977377, vstest.console.dll, TestRunRequest:SendTestRunStatsChange: Completed.
TpTrace Verbose: 0 : 5544, 14, 2025/01/09, 00:48:51.318, 1170019977559, vstest.console.dll, MulticastDelegateUtilities.SafeInvoke: LengthPrefixCommunicationChannel: MessageReceived: Invoking callback 1/1 for Microsoft.VisualStudio.TestPlatform.CommunicationUtilities.TestRequestSender+<>c__DisplayClass34_0., took 0 ms.
TpTrace Verbose: 0 : 5544, 14, 2025/01/09, 00:48:51.318, 1170019977705, vstest.console.dll, TcpClientExtensions.MessageLoopAsync: Polling on remoteEndPoint: 127.0.0.1:53694 localEndPoint: 127.0.0.1:53693 after 12 ms
TpTrace Verbose: 0 : 5544, 4, 2025/01/09, 00:48:51.318, 1170019977721, vstest.console.dll, MulticastDelegateUtilities.SafeInvoke: InternalTestLoggerEvents.SendTestResult: Invoking callback 1/1 for Microsoft.VisualStudio.TestPlatform.CommandLine.Internal.ConsoleLogger., took 0 ms.
TpTrace Verbose: 0 : 5544, 4, 2025/01/09, 00:48:51.318, 1170019978132, vstest.console.dll, MulticastDelegateUtilities.SafeInvoke: InternalTestLoggerEvents.SendTestResult: Invoking callback 1/1 for Microsoft.VisualStudio.TestPlatform.CommandLine.Internal.ConsoleLogger., took 0 ms.
TpTrace Verbose: 0 : 5544, 4, 2025/01/09, 00:48:51.318, 1170019978289, vstest.console.dll, MulticastDelegateUtilities.SafeInvoke: InternalTestLoggerEvents.SendTestResult: Invoking callback 1/1 for Microsoft.VisualStudio.TestPlatform.CommandLine.Internal.ConsoleLogger., took 0 ms.
TpTrace Verbose: 0 : 5544, 4, 2025/01/09, 00:48:51.318, 1170019978536, vstest.console.dll, MulticastDelegateUtilities.SafeInvoke: InternalTestLoggerEvents.SendTestResult: Invoking callback 1/1 for Microsoft.VisualStudio.TestPlatform.CommandLine.Internal.ConsoleLogger., took 0 ms.
TpTrace Verbose: 0 : 5544, 4, 2025/01/09, 00:48:51.318, 1170019978676, vstest.console.dll, MulticastDelegateUtilities.SafeInvoke: InternalTestLoggerEvents.SendTestResult: Invoking callback 1/1 for Microsoft.VisualStudio.TestPlatform.CommandLine.Internal.ConsoleLogger., took 0 ms.
TpTrace Verbose: 0 : 5544, 4, 2025/01/09, 00:48:51.318, 1170019978935, vstest.console.dll, MulticastDelegateUtilities.SafeInvoke: InternalTestLoggerEvents.SendTestResult: Invoking callback 1/1 for Microsoft.VisualStudio.TestPlatform.CommandLine.Internal.ConsoleLogger., took 0 ms.
TpTrace Verbose: 0 : 5544, 4, 2025/01/09, 00:48:51.318, 1170019979107, vstest.console.dll, MulticastDelegateUtilities.SafeInvoke: InternalTestLoggerEvents.SendTestResult: Invoking callback 1/1 for Microsoft.VisualStudio.TestPlatform.CommandLine.Internal.ConsoleLogger., took 0 ms.
TpTrace Verbose: 0 : 5544, 4, 2025/01/09, 00:48:51.318, 1170019979273, vstest.console.dll, MulticastDelegateUtilities.SafeInvoke: InternalTestLoggerEvents.SendTestResult: Invoking callback 1/1 for Microsoft.VisualStudio.TestPlatform.CommandLine.Internal.ConsoleLogger., took 0 ms.
TpTrace Verbose: 0 : 5544, 14, 2025/01/09, 00:48:51.322, 1170020019907, vstest.console.dll, TcpClientExtensions.MessageLoopAsync: NotifyDataAvailable remoteEndPoint: 127.0.0.1:53694 localEndPoint: 127.0.0.1:53693
TpTrace Verbose: 0 : 5544, 14, 2025/01/09, 00:48:51.322, 1170020020882, vstest.console.dll, TestRequestSender.OnExecutionMessageReceived: Received message: {"Version":7,"MessageType":"TestSession.Message","Payload":{"MessageLevel":0,"Message":"[xUnit.net 00:00:00.18]   Finished:    UnitTestOne"}}
TpTrace Verbose: 0 : 5544, 14, 2025/01/09, 00:48:51.323, 1170020022042, vstest.console.dll, TestRunRequest:SendTestRunMessage: Starting.
TpTrace Verbose: 0 : 5544, 14, 2025/01/09, 00:48:51.323, 1170020022625, vstest.console.dll, MulticastDelegateUtilities.SafeInvoke: TestRun.LogMessages: Invoking callback 1/1 for Microsoft.VisualStudio.TestPlatform.CommandLine.TestRunResultAggregator., took 0 ms.
TpTrace Information: 0 : 5544, 14, 2025/01/09, 00:48:51.323, 1170020022931, vstest.console.dll, TestRunRequest:SendTestRunMessage: Completed.
TpTrace Verbose: 0 : 5544, 14, 2025/01/09, 00:48:51.323, 1170020023254, vstest.console.dll, MulticastDelegateUtilities.SafeInvoke: LengthPrefixCommunicationChannel: MessageReceived: Invoking callback 1/1 for Microsoft.VisualStudio.TestPlatform.CommunicationUtilities.TestRequestSender+<>c__DisplayClass34_0., took 0 ms.
TpTrace Verbose: 0 : 5544, 14, 2025/01/09, 00:48:51.323, 1170020023516, vstest.console.dll, TcpClientExtensions.MessageLoopAsync: Polling on remoteEndPoint: 127.0.0.1:53694 localEndPoint: 127.0.0.1:53693 after 4 ms
TpTrace Verbose: 0 : 5544, 4, 2025/01/09, 00:48:51.323, 1170020022920, vstest.console.dll, MulticastDelegateUtilities.SafeInvoke: InternalTestLoggerEvents.SendTestRunMessage: Invoking callback 1/1 for Microsoft.VisualStudio.TestPlatform.CommandLine.Internal.ConsoleLogger., took 0 ms.
TpTrace Verbose: 0 : 5544, 14, 2025/01/09, 00:48:51.333, 1170020127089, vstest.console.dll, TcpClientExtensions.MessageLoopAsync: NotifyDataAvailable remoteEndPoint: 127.0.0.1:53694 localEndPoint: 127.0.0.1:53693
TpTrace Verbose: 0 : 5544, 14, 2025/01/09, 00:48:51.333, 1170020129140, vstest.console.dll, TestRequestSender.OnExecutionMessageReceived: Received message: {"Version":7,"MessageType":"TestExecution.Completed","Payload":{"TestRunCompleteArgs":{"TestRunStatistics":{"ExecutedTests":27,"Stats":{"Passed":27}},"IsCanceled":false,"IsAborted":false,"Error":null,"AttachmentSets":[],"InvokedDataCollectors":[],"ElapsedTimeInRunningTests":"00:00:00.1958743","Metrics":{},"DiscoveredExtensions":{"TestDiscoverers":["Xunit.Runner.VisualStudio.VsTestRunner, xunit.runner.visualstudio.dotnetcore.testadapter, Version=2.5.0.0, Culture=neutral, PublicKeyToken=null"],"TestExecutors":["executor://xunit/VsTestRunner2/netcoreapp"],"TestExecutors2":[],"TestSettingsProviders":[]}},"LastRunTests":{"NewTestResults":[{"TestCase":{"Id":"75ec596b-6346-fb88-2b7e-f59accae530b","FullyQualifiedName":"UnitTestOne.UserServiceTester.RegistrationTest_return_ok","DisplayName":"UnitTestOne.UserServiceTester.RegistrationTest_return_ok","ExecutorUri":"executor://xunit/VsTestRunner2/netcoreapp","Source":"C:\\Users\\fokso\\source\\repos\\FunWithUnitTesting\\UnitTestOne\\bin\\Debug\\net8.0\\fine-code-coverage\\build-output\\UnitTestOne.dll","CodeFilePath":null,"LineNumber":0,"Properties":[]},"Attachments":[],"Outcome":1,"ErrorMessage":null,"ErrorStackTrace":null,"DisplayName":"UnitTestOne.UserServiceTester.RegistrationTest_return_ok","Messages":[],"ComputerName":"YAUHEN","Duration":"00:00:00.0091548","StartTime":"2025-01-08T23:48:51.3181827+00:00","EndTime":"2025-01-08T23:48:51.3181827+00:00","Properties":[]},{"TestCase":{"Id":"166a4eb4-c779-6f08-58d3-8f6fee2a5fd3","FullyQualifiedName":"UnitTestOne.TestRaporterTest.raport_for_failed_test_mail","DisplayName":"UnitTestOne.TestRaporterTest.raport_for_failed_test_mail","ExecutorUri":"executor://xunit/VsTestRunner2/netcoreapp","Source":"C:\\Users\\fokso\\source\\repos\\FunWithUnitTesting\\UnitTestOne\\bin\\Debug\\net8.0\\fine-code-coverage\\build-output\\UnitTestOne.dll","CodeFilePath":null,"LineNumber":0,"Properties":[]},"Attachments":[],"Outcome":1,"ErrorMessage":null,"ErrorStackTrace":null,"DisplayName":"UnitTestOne.TestRaporterTest.raport_for_failed_test_mail","Messages":[],"ComputerName":"YAUHEN","Duration":"00:00:00.0002537","StartTime":"2025-01-08T23:48:51.3192988+00:00","EndTime":"2025-01-08T23:48:51.3192988+00:00","Properties":[]},{"TestCase":{"Id":"520251ed-0736-d128-f6e6-91c6cba0b784","FullyQualifiedName":"UnitTestOne.UserServiceTester.RegistrationTest_return_get_from_db_error","DisplayName":"UnitTestOne.UserServiceTester.RegistrationTest_return_get_from_db_error","ExecutorUri":"executor://xunit/VsTestRunner2/netcoreapp","Source":"C:\\Users\\fokso\\source\\repos\\FunWithUnitTesting\\UnitTestOne\\bin\\Debug\\net8.0\\fine-code-coverage\\build-output\\UnitTestOne.dll","CodeFilePath":null,"LineNumber":0,"Properties":[]},"Attachments":[],"Outcome":1,"ErrorMessage":null,"ErrorStackTrace":null,"DisplayName":"UnitTestOne.UserServiceTester.RegistrationTest_return_get_from_db_error","Messages":[],"ComputerName":"YAUHEN","Duration":"00:00:00.0005119","StartTime":"2025-01-08T23:48:51.3197374+00:00","EndTime":"2025-01-08T23:48:51.3197374+00:00","Properties":[]},{"TestCase":{"Id":"8f051f66-7bad-1253-cef3-e6b415a3dcf0","FullyQualifiedName":"UnitTestOne.UserServiceTester.RegistrationTest_return_add_to_db_error","DisplayName":"UnitTestOne.UserServiceTester.RegistrationTest_return_add_to_db_error","ExecutorUri":"executor://xunit/VsTestRunner2/netcoreapp","Source":"C:\\Users\\fokso\\source\\repos\\FunWithUnitTesting\\UnitTestOne\\bin\\Debug\\net8.0\\fine-code-coverage\\build-output\\UnitTestOne.dll","CodeFilePath":null,"LineNumber":0,"Properties":[]},"Attachments":[],"Outcome":1,"ErrorMessage":null,"ErrorStackTrace":null,"DisplayName":"UnitTestOne.UserServiceTester.RegistrationTest_return_add_to_db_error","Messages":[],"ComputerName":"YAUHEN","Duration":"00:00:00.0011091","StartTime":"2025-01-08T23:48:51.3207215+00:00","EndTime":"2025-01-08T23:48:51.3207216+00:00","Properties":[]},{"TestCase":{"Id":"a527d454-083d-ed3f-8717-2af0f591ace3","FullyQualifiedName":"UnitTestOne.UserServiceTester.RegistrationTest_return_incorrect_password_error_null","DisplayName":"UnitTestOne.UserServiceTester.RegistrationTest_return_incorrect_password_error_null","ExecutorUri":"executor://xunit/VsTestRunner2/netcoreapp","Source":"C:\\Users\\fokso\\source\\repos\\FunWithUnitTesting\\UnitTestOne\\bin\\Debug\\net8.0\\fine-code-coverage\\build-output\\UnitTestOne.dll","CodeFilePath":null,"LineNumber":0,"Properties":[]},"Attachments":[],"Outcome":1,"ErrorMessage":null,"ErrorStackTrace":null,"DisplayName":"UnitTestOne.UserServiceTester.RegistrationTest_return_incorrect_password_error_null","Messages":[],"ComputerName":"YAUHEN","Duration":"00:00:00.0001360","StartTime":"2025-01-08T23:48:51.3215314+00:00","EndTime":"2025-01-08T23:48:51.3215315+00:00","Properties":[]}],"TestRunStatistics":{"ExecutedTests":27,"Stats":{"Passed":27}},"ActiveTests":[]},"RunAttachments":[],"ExecutorUris":["executor://xunit/VsTestRunner2/netcoreapp"]}}
TpTrace Verbose: 0 : 5544, 14, 2025/01/09, 00:48:51.333, 1170020130174, vstest.console.dll, TestRequestSender.EndSession: Sending end session.
TpTrace Verbose: 0 : 5544, 14, 2025/01/09, 00:48:51.333, 1170020131349, vstest.console.dll, ProxyOperationManager.Close: waiting for test host to exit for 100 ms
TpTrace Verbose: 0 : 5544, 7, 2025/01/09, 00:48:51.351, 1170020310651, vstest.console.dll, TestHostManagerCallbacks.StandardOutputReceivedCallback Test host standard output line: 
TpTrace Warning: 0 : 5544, 11, 2025/01/09, 00:48:51.351, 1170020310652, vstest.console.dll, TestHostManagerCallbacks.ErrorReceivedCallback Test host standard error line: 
TpTrace Verbose: 0 : 5544, 11, 2025/01/09, 00:48:51.357, 1170020368209, vstest.console.dll, TestHostProvider.ExitCallBack: Host exited starting callback.
TpTrace Information: 0 : 5544, 11, 2025/01/09, 00:48:51.357, 1170020369639, vstest.console.dll, TestHostManagerCallbacks.ExitCallBack: Testhost processId: 20492 exited with exitcode: 0 error: ''
TpTrace Verbose: 0 : 5544, 11, 2025/01/09, 00:48:51.357, 1170020369834, vstest.console.dll, DotnetTestHostManager.OnHostExited: invoking OnHostExited callback
TpTrace Verbose: 0 : 5544, 11, 2025/01/09, 00:48:51.357, 1170020370292, vstest.console.dll, CrossPlatEngine.TestHostManagerHostExited: calling on client process exit callback.
TpTrace Information: 0 : 5544, 11, 2025/01/09, 00:48:51.357, 1170020370601, vstest.console.dll, TestRequestSender.OnClientProcessExit: Test host process exited. Standard error: 
TpTrace Information: 0 : 5544, 11, 2025/01/09, 00:48:51.357, 1170020370785, vstest.console.dll, SocketServer.Stop: Stop server endPoint: 127.0.0.1:53693
TpTrace Information: 0 : 5544, 11, 2025/01/09, 00:48:51.357, 1170020370891, vstest.console.dll, SocketServer.Stop: Cancellation requested. Stopping message loop.
TpTrace Information: 0 : 5544, 14, 2025/01/09, 00:48:51.357, 1170020371041, vstest.console.dll, SocketServer.Stop: Stop server endPoint: 127.0.0.1:53693
TpTrace Verbose: 0 : 5544, 11, 2025/01/09, 00:48:51.357, 1170020371451, vstest.console.dll, MulticastDelegateUtilities.SafeInvoke: HostProviderEvents.OnHostExited: Invoking callback 1/1 for Microsoft.VisualStudio.TestPlatform.CrossPlatEngine.Client.ProxyOperationManager., took 0 ms.
TpTrace Information: 0 : 5544, 14, 2025/01/09, 00:48:51.357, 1170020371570, vstest.console.dll, SocketServer.Stop: Cancellation requested. Stopping message loop.
TpTrace Information: 0 : 5544, 14, 2025/01/09, 00:48:51.358, 1170020372266, vstest.console.dll, Closing the connection
TpTrace Verbose: 0 : 5544, 14, 2025/01/09, 00:48:51.358, 1170020373934, vstest.console.dll, ProxyDataCollectionManager.InvokeDataCollectionServiceAction: Starting.
TpTrace Information: 0 : 5544, 14, 2025/01/09, 00:48:51.358, 1170020374291, vstest.console.dll, ProxyDataCollectionManager.AfterTestRunEnd: Get attachment set and invoked data collectors processId: 12572 port: 53690
TpTrace Verbose: 0 : 5544, 14, 2025/01/09, 00:48:51.358, 1170020374694, vstest.console.dll, DataCollectionRequestSender.SendAfterTestRunStartAndGetResult: Send AfterTestRunEnd message with isCancelled: False
TpTrace Verbose: 0 : 5544, 14, 2025/01/09, 00:48:51.361, 1170020410412, vstest.console.dll, DataCollectionRequestSender.SendAfterTestRunStartAndGetResult: Received message: (DataCollection.AfterTestRunEndResult) -> {"MessageType":"DataCollection.AfterTestRunEndResult","Payload":{"AttachmentSets":[],"InvokedDataCollectors":[{"Uri":"datacollector://Microsoft/TestPlatform/Extensions/Blame/v1","FriendlyName":"Blame","AssemblyQualifiedName":"Microsoft.TestPlatform.Extensions.BlameDataCollector.BlameCollector, Microsoft.TestPlatform.Extensions.BlameDataCollector, Version=15.0.0.0, Culture=neutral, PublicKeyToken=b03f5f7f11d50a3a","FilePath":"C:\\Program Files\\dotnet\\sdk\\8.0.403\\Extensions\\Microsoft.TestPlatform.Extensions.BlameDataCollector.dll","HasAttachmentProcessor":false}],"Metrics":{}}}
TpTrace Information: 0 : 5544, 14, 2025/01/09, 00:48:51.364, 1170020440136, vstest.console.dll, ProxyDataCollectionManager.InvokeDataCollectionServiceAction: Completed.
TpTrace Warning: 0 : 5544, 10, 2025/01/09, 00:48:51.366, 1170020453849, vstest.console.dll, DataCollectionLauncher.ErrorReceivedCallback datacollector standard error line: 
TpTrace Information: 0 : 5544, 10, 2025/01/09, 00:48:51.370, 1170020493266, vstest.console.dll, DataCollectionLauncher.ExitCallBack: Data collector exited with exitcode: 0 error: ''
TpTrace Verbose: 0 : 5544, 14, 2025/01/09, 00:48:51.386, 1170020658134, vstest.console.dll, TestRunRequest:SendTestRunStatsChange: Starting.
TpTrace Verbose: 0 : 5544, 14, 2025/01/09, 00:48:51.386, 1170020659149, vstest.console.dll, MulticastDelegateUtilities.SafeInvoke: TestRun.RunStatsChanged: Invoking callbacks was skipped because there are no subscribers.
TpTrace Information: 0 : 5544, 14, 2025/01/09, 00:48:51.386, 1170020659337, vstest.console.dll, TestRunRequest:SendTestRunStatsChange: Completed.
TpTrace Verbose: 0 : 5544, 4, 2025/01/09, 00:48:51.386, 1170020659808, vstest.console.dll, MulticastDelegateUtilities.SafeInvoke: InternalTestLoggerEvents.SendTestResult: Invoking callback 1/1 for Microsoft.VisualStudio.TestPlatform.CommandLine.Internal.ConsoleLogger., took 0 ms.
TpTrace Verbose: 0 : 5544, 4, 2025/01/09, 00:48:51.386, 1170020660410, vstest.console.dll, MulticastDelegateUtilities.SafeInvoke: InternalTestLoggerEvents.SendTestResult: Invoking callback 1/1 for Microsoft.VisualStudio.TestPlatform.CommandLine.Internal.ConsoleLogger., took 0 ms.
TpTrace Verbose: 0 : 5544, 14, 2025/01/09, 00:48:51.386, 1170020661241, vstest.console.dll, ParallelProxyExecutionManager: HandlePartialRunComplete: Total workloads = 1, Total started clients = 1 Total completed clients = 1, Run complete = True, Run canceled: False.
TpTrace Verbose: 0 : 5544, 14, 2025/01/09, 00:48:51.386, 1170020661509, vstest.console.dll, ParallelProxyExecutionManager: HandlePartialRunComplete: All runs completed stopping all managers.
TpTrace Verbose: 0 : 5544, 14, 2025/01/09, 00:48:51.386, 1170020661676, vstest.console.dll, ParallelOperationManager.StopAllManagers: Stopping all managers.
TpTrace Verbose: 0 : 5544, 14, 2025/01/09, 00:48:51.386, 1170020661811, vstest.console.dll, ParallelOperationManager.ClearSlots: Clearing all slots. Slots should accept more work: False
TpTrace Verbose: 0 : 5544, 14, 2025/01/09, 00:48:51.387, 1170020661994, vstest.console.dll, ParallelOperationManager.SetOccupiedSlotCount: Setting slot counts AvailableSlotCount = 1, OccupiedSlotCount = 0.
TpTrace Verbose: 0 : 5544, 14, 2025/01/09, 00:48:51.387, 1170020662149, vstest.console.dll, Occupied slots:

TpTrace Verbose: 0 : 5544, 4, 2025/01/09, 00:48:51.387, 1170020668173, vstest.console.dll, MulticastDelegateUtilities.SafeInvoke: InternalTestLoggerEvents.SendTestResult: Invoking callback 1/1 for Microsoft.VisualStudio.TestPlatform.CommandLine.Internal.ConsoleLogger., took 0 ms.
TpTrace Verbose: 0 : 5544, 4, 2025/01/09, 00:48:51.387, 1170020668842, vstest.console.dll, MulticastDelegateUtilities.SafeInvoke: InternalTestLoggerEvents.SendTestResult: Invoking callback 1/1 for Microsoft.VisualStudio.TestPlatform.CommandLine.Internal.ConsoleLogger., took 0 ms.
TpTrace Verbose: 0 : 5544, 4, 2025/01/09, 00:48:51.387, 1170020669092, vstest.console.dll, MulticastDelegateUtilities.SafeInvoke: InternalTestLoggerEvents.SendTestResult: Invoking callback 1/1 for Microsoft.VisualStudio.TestPlatform.CommandLine.Internal.ConsoleLogger., took 0 ms.
TpTrace Verbose: 0 : 5544, 4, 2025/01/09, 00:48:51.391, 1170020707825, vstest.console.dll, MulticastDelegateUtilities.SafeInvoke: InternalTestLoggerEvents.SendTestRunComplete: Invoking callback 1/2 for Microsoft.TestPlatform.Extensions.BlameDataCollector.BlameLogger., took 0 ms.
TpTrace Verbose: 0 : 5544, 4, 2025/01/09, 00:48:51.394, 1170020737612, vstest.console.dll, MulticastDelegateUtilities.SafeInvoke: InternalTestLoggerEvents.SendTestRunComplete: Invoking callback 2/2 for Microsoft.VisualStudio.TestPlatform.CommandLine.Internal.ConsoleLogger., took 2 ms.
TpTrace Verbose: 0 : 5544, 14, 2025/01/09, 00:48:51.395, 1170020743094, vstest.console.dll, TestRunRequest:TestRunComplete: Starting. IsAborted:False IsCanceled:False.
TpTrace Verbose: 0 : 5544, 14, 2025/01/09, 00:48:51.395, 1170020744140, vstest.console.dll, ParallelOperationManager.DoActionOnAllManagers: Calling an action on all managers.
TpTrace Verbose: 0 : 5544, 14, 2025/01/09, 00:48:51.396, 1170020753729, vstest.console.dll, TestLoggerManager.HandleTestRunComplete: Ignoring as the object is disposed.
TpTrace Verbose: 0 : 5544, 14, 2025/01/09, 00:48:51.396, 1170020755632, vstest.console.dll, MulticastDelegateUtilities.SafeInvoke: TestRun.TestRunComplete: Invoking callback 1/2 for Microsoft.VisualStudio.TestPlatform.CommandLine.TestRunResultAggregator., took 0 ms.
TpTrace Verbose: 0 : 5544, 14, 2025/01/09, 00:48:51.396, 1170020756811, vstest.console.dll, MulticastDelegateUtilities.SafeInvoke: TestRun.TestRunComplete: Invoking callback 2/2 for Microsoft.VisualStudio.TestPlatform.CommandLine.Processors.RunTestsArgumentExecutor+TestRunRequestEventsRegistrar., took 0 ms.
TpTrace Information: 0 : 5544, 14, 2025/01/09, 00:48:51.396, 1170020757442, vstest.console.dll, TestRunRequest:TestRunComplete: Completed.
TpTrace Verbose: 0 : 5544, 1, 2025/01/09, 00:48:51.396, 1170020757573, vstest.console.dll, TestRunRequest.Dispose: Starting.
TpTrace Verbose: 0 : 5544, 14, 2025/01/09, 00:48:51.396, 1170020757639, vstest.console.dll, TestRequestSender.SetOperationComplete: Setting operation complete.
TpTrace Information: 0 : 5544, 1, 2025/01/09, 00:48:51.396, 1170020758079, vstest.console.dll, TestRunRequest.Dispose: Completed.
TpTrace Information: 0 : 5544, 14, 2025/01/09, 00:48:51.396, 1170020758418, vstest.console.dll, SocketServer.Stop: Stop server endPoint: 127.0.0.1:53693
TpTrace Information: 0 : 5544, 14, 2025/01/09, 00:48:51.396, 1170020758667, vstest.console.dll, SocketServer.Stop: Cancellation requested. Stopping message loop.
TpTrace Information: 0 : 5544, 1, 2025/01/09, 00:48:51.396, 1170020758802, vstest.console.dll, TestRequestManager.RunTests: run tests completed.
TpTrace Verbose: 0 : 5544, 14, 2025/01/09, 00:48:51.396, 1170020758831, vstest.console.dll, MulticastDelegateUtilities.SafeInvoke: LengthPrefixCommunicationChannel: MessageReceived: Invoking callback 1/1 for Microsoft.VisualStudio.TestPlatform.CommunicationUtilities.TestRequestSender+<>c__DisplayClass34_0., took 62 ms.
TpTrace Information: 0 : 5544, 14, 2025/01/09, 00:48:51.396, 1170020759322, vstest.console.dll, SocketServer.PrivateStop: Stopping server endPoint: 127.0.0.1:53693 error: 
TpTrace Information: 0 : 5544, 1, 2025/01/09, 00:48:51.396, 1170020759493, vstest.console.dll, RunTestsArgumentProcessor:Execute: Test run is completed.
TpTrace Verbose: 0 : 5544, 1, 2025/01/09, 00:48:51.396, 1170020761177, vstest.console.dll, Executor.Execute: Exiting with exit code of 0
TpTrace Verbose: 0 : 5544, 14, 2025/01/09, 00:48:51.397, 1170020762756, vstest.console.dll, LengthPrefixCommunicationChannel.Dispose: Dispose reader and writer.
TpTrace Information: 0 : 5544, 14, 2025/01/09, 00:48:51.397, 1170020763252, vstest.console.dll, SocketServer.Stop: Raise disconnected event endPoint: 127.0.0.1:53693 error: 
TpTrace Verbose: 0 : 5544, 14, 2025/01/09, 00:48:51.397, 1170020763682, vstest.console.dll, TestRequestSender: OnTestRunAbort: Operation is already complete. Skip error message.
TpTrace Verbose: 0 : 5544, 14, 2025/01/09, 00:48:51.397, 1170020763831, vstest.console.dll, MulticastDelegateUtilities.SafeInvoke: SocketServer: ClientDisconnected: Invoking callback 1/1 for Microsoft.VisualStudio.TestPlatform.CommunicationUtilities.TestRequestSender., took 0 ms.
